VIRTUALBENCH-LOGGER 2.5 REPORT
NATIONAL INSTRUMENTS
DATE CREATED	12:39:08	01/10/2014

USER	

START COMMENT

END COMMENT

START DATA
Date	Time	AMPS(V)	PYRO(V)
01/10/2014	12:39:17.5	     0.615	     1.113
01/10/2014	12:39:18.0	     0.615	     1.120
01/10/2014	12:39:18.5	     0.614	     1.122
01/10/2014	12:39:19.0	     0.614	     1.120
01/10/2014	12:39:19.5	     0.614	     1.119
01/10/2014	12:39:20.0	     0.614	     1.118
01/10/2014	12:39:20.5	     0.614	     1.119
01/10/2014	12:39:21.0	     0.614	     1.118
01/10/2014	12:39:21.5	     0.614	     1.119
01/10/2014	12:39:22.0	     0.614	     1.117
01/10/2014	12:39:22.5	     0.614	     1.117
01/10/2014	12:39:23.0	     0.614	     1.116
01/10/2014	12:39:23.5	     0.614	     1.116
01/10/2014	12:39:24.0	     0.614	     1.116
01/10/2014	12:39:24.5	     0.614	     1.117
01/10/2014	12:39:25.0	     0.614	     1.116
01/10/2014	12:39:25.5	     0.614	     1.116
01/10/2014	12:39:26.0	     0.614	     1.115
01/10/2014	12:39:26.5	     0.614	     1.115
01/10/2014	12:39:27.0	     0.614	     1.115
01/10/2014	12:39:27.5	     0.614	     1.113
01/10/2014	12:39:28.0	     0.614	     0.904
01/10/2014	12:39:28.5	     0.613	     0.704
01/10/2014	12:39:29.0	     0.613	     0.621
01/10/2014	12:39:29.5	     0.613	     0.692
01/10/2014	12:39:30.0	     0.613	     0.799
01/10/2014	12:39:30.5	     0.613	     0.875
01/10/2014	12:39:31.0	     0.613	     0.909
01/10/2014	12:39:31.5	     0.613	     0.918
01/10/2014	12:39:32.0	     0.613	     0.936
01/10/2014	12:39:32.5	     0.613	     0.942
01/10/2014	12:39:33.0	     0.613	     0.937
01/10/2014	12:39:33.5	     0.613	     0.892
01/10/2014	12:39:34.0	     0.613	     0.881
01/10/2014	12:39:34.5	     0.613	     0.876
01/10/2014	12:39:35.0	     0.612	     0.885
01/10/2014	12:39:35.5	     0.612	     0.900
01/10/2014	12:39:36.0	     0.612	     0.932
01/10/2014	12:39:36.5	     0.612	     0.918
01/10/2014	12:39:37.0	     0.612	     0.939
01/10/2014	12:39:37.5	     0.612	     0.907
01/10/2014	12:39:38.0	     0.612	     0.887
01/10/2014	12:39:38.5	     0.612	     0.909
01/10/2014	12:39:39.0	     0.612	     0.919
01/10/2014	12:39:39.5	     0.612	     0.889
01/10/2014	12:39:40.0	     0.612	     0.899
01/10/2014	12:39:40.5	     0.612	     0.903
01/10/2014	12:39:41.0	     0.612	     0.915
01/10/2014	12:39:41.5	     0.611	     0.929
01/10/2014	12:39:42.0	     0.611	     0.937
01/10/2014	12:39:42.5	     0.611	     0.941
01/10/2014	12:39:43.0	     0.611	     0.931
01/10/2014	12:39:43.5	     0.611	     0.914
01/10/2014	12:39:44.0	     0.611	     0.933
01/10/2014	12:39:44.5	     0.611	     0.926
01/10/2014	12:39:45.0	     0.611	     0.905
01/10/2014	12:39:45.5	     0.611	     0.912
01/10/2014	12:39:46.0	     0.611	     0.921
01/10/2014	12:39:46.5	     0.611	     0.912
01/10/2014	12:39:47.0	     0.611	     0.903
01/10/2014	12:39:47.5	     0.611	     0.899
01/10/2014	12:39:48.0	     0.611	     0.950
01/10/2014	12:39:48.5	     0.611	     0.940
01/10/2014	12:39:49.0	     0.611	     0.939
01/10/2014	12:39:49.5	     0.611	     0.952
01/10/2014	12:39:50.0	     0.610	     0.957
01/10/2014	12:39:50.5	     0.610	     0.931
01/10/2014	12:39:51.0	     0.610	     0.933
01/10/2014	12:39:51.5	     0.610	     0.924
01/10/2014	12:39:52.0	     0.610	     0.926
01/10/2014	12:39:52.5	     0.610	     0.946
01/10/2014	12:39:53.0	     0.610	     0.945
01/10/2014	12:39:53.5	     0.610	     0.931
01/10/2014	12:39:54.0	     0.610	     0.913
01/10/2014	12:39:54.5	     0.610	     0.916
01/10/2014	12:39:55.0	     0.610	     0.902
01/10/2014	12:39:55.5	     0.610	     0.898
01/10/2014	12:39:56.0	     0.610	     0.922
01/10/2014	12:39:56.5	     0.610	     0.923
01/10/2014	12:39:57.0	     0.609	     0.929
01/10/2014	12:39:57.5	     0.609	     0.936
01/10/2014	12:39:58.0	     0.609	     0.960
01/10/2014	12:39:58.5	     0.609	     0.967
01/10/2014	12:39:59.0	     0.609	     0.952
01/10/2014	12:39:59.5	     0.609	     0.943
01/10/2014	12:40:00.0	     0.609	     0.956
01/10/2014	12:40:00.5	     0.609	     0.941
01/10/2014	12:40:01.0	     0.609	     0.949
01/10/2014	12:40:01.5	     0.609	     0.951
01/10/2014	12:40:02.0	     0.609	     0.945
01/10/2014	12:40:02.5	     0.609	     0.955
01/10/2014	12:40:03.0	     0.609	     0.954
01/10/2014	12:40:03.5	     0.609	     0.954
01/10/2014	12:40:04.0	     0.609	     0.964
01/10/2014	12:40:04.5	     0.609	     0.963
01/10/2014	12:40:05.0	     0.609	     0.973
01/10/2014	12:40:05.5	     0.609	     0.975
01/10/2014	12:40:06.0	     0.608	     0.966
01/10/2014	12:40:06.5	     0.608	     0.971
01/10/2014	12:40:07.0	     0.608	     0.955
01/10/2014	12:40:07.5	     0.608	     0.992
01/10/2014	12:40:08.0	     0.608	     0.968
01/10/2014	12:40:08.5	     0.608	     0.976
01/10/2014	12:40:09.0	     0.608	     0.961
01/10/2014	12:40:09.5	     0.608	     0.972
01/10/2014	12:40:10.0	     0.608	     0.978
01/10/2014	12:40:10.5	     0.608	     0.973
01/10/2014	12:40:11.0	     0.608	     0.965
01/10/2014	12:40:11.5	     0.608	     0.970
01/10/2014	12:40:12.0	     0.608	     0.968
01/10/2014	12:40:12.5	     0.608	     0.983
01/10/2014	12:40:13.0	     0.608	     0.970
01/10/2014	12:40:13.5	     0.608	     0.969
01/10/2014	12:40:14.0	     0.608	     0.963
01/10/2014	12:40:14.5	     0.608	     0.975
01/10/2014	12:40:15.0	     0.608	     0.968
01/10/2014	12:40:15.5	     0.607	     0.969
01/10/2014	12:40:16.0	     0.607	     0.961
01/10/2014	12:40:16.5	     0.607	     0.969
01/10/2014	12:40:17.0	     0.607	     0.978
01/10/2014	12:40:17.5	     0.607	     0.966
01/10/2014	12:40:18.0	     0.607	     0.964
01/10/2014	12:40:18.5	     0.607	     0.971
01/10/2014	12:40:19.0	     0.607	     0.967
01/10/2014	12:40:19.5	     0.607	     0.968
01/10/2014	12:40:20.0	     0.607	     0.972
01/10/2014	12:40:20.5	     0.607	     0.970
01/10/2014	12:40:21.0	     0.607	     0.973
01/10/2014	12:40:21.5	     0.607	     0.965
01/10/2014	12:40:22.0	     0.607	     0.971
01/10/2014	12:40:22.5	     0.607	     0.966
01/10/2014	12:40:23.0	     0.607	     0.957
01/10/2014	12:40:23.5	     0.607	     0.963
01/10/2014	12:40:24.0	     0.607	     0.968
01/10/2014	12:40:24.5	     0.607	     0.970
01/10/2014	12:40:25.0	     0.607	     0.964
01/10/2014	12:40:25.5	     0.607	     0.960
01/10/2014	12:40:26.0	     0.607	     0.970
01/10/2014	12:40:26.5	     0.607	     0.979
01/10/2014	12:40:27.0	     0.607	     0.971
01/10/2014	12:40:27.5	     0.607	     0.978
01/10/2014	12:40:28.0	     0.607	     0.968
01/10/2014	12:40:28.5	     0.607	     0.972
01/10/2014	12:40:29.0	     0.607	     0.972
01/10/2014	12:40:29.5	     0.607	     0.971
01/10/2014	12:40:30.0	     0.607	     0.969
01/10/2014	12:40:30.5	     0.607	     0.966
01/10/2014	12:40:31.0	     0.608	     0.967
01/10/2014	12:40:31.5	     0.608	     0.970
01/10/2014	12:40:32.0	     0.608	     0.969
01/10/2014	12:40:32.5	     0.608	     0.964
01/10/2014	12:40:33.0	     0.608	     0.968
01/10/2014	12:40:33.5	     0.608	     0.969
01/10/2014	12:40:34.0	     0.608	     0.967
01/10/2014	12:40:34.5	     0.608	     0.975
01/10/2014	12:40:35.0	     0.608	     0.969
01/10/2014	12:40:35.5	     0.608	     0.968
01/10/2014	12:40:36.0	     0.608	     0.972
01/10/2014	12:40:36.5	     0.608	     0.971
01/10/2014	12:40:37.0	     0.608	     0.967
01/10/2014	12:40:37.5	     0.608	     0.975
01/10/2014	12:40:38.0	     0.608	     0.975
01/10/2014	12:40:38.5	     0.608	     0.979
01/10/2014	12:40:39.0	     0.608	     0.986
01/10/2014	12:40:39.5	     0.608	     0.984
01/10/2014	12:40:40.0	     0.608	     0.986
01/10/2014	12:40:40.5	     0.608	     0.982
01/10/2014	12:40:41.0	     0.608	     0.981
01/10/2014	12:40:41.5	     0.608	     0.985
01/10/2014	12:40:42.0	     0.608	     0.984
01/10/2014	12:40:42.5	     0.608	     0.986
01/10/2014	12:40:43.0	     0.608	     0.984
01/10/2014	12:40:43.5	     0.608	     0.991
01/10/2014	12:40:44.0	     0.608	     1.000
01/10/2014	12:40:44.5	     0.608	     1.002
01/10/2014	12:40:45.0	     0.608	     1.000
01/10/2014	12:40:45.5	     0.608	     0.997
01/10/2014	12:40:46.0	     0.608	     0.994
01/10/2014	12:40:46.5	     0.608	     0.994
01/10/2014	12:40:47.0	     0.608	     0.999
01/10/2014	12:40:47.5	     0.608	     0.997
01/10/2014	12:40:48.0	     0.608	     0.994
01/10/2014	12:40:48.5	     0.608	     0.992
01/10/2014	12:40:49.0	     0.608	     0.993
01/10/2014	12:40:49.5	     0.608	     0.990
01/10/2014	12:40:50.0	     0.608	     0.997
01/10/2014	12:40:50.5	     0.608	     0.994
01/10/2014	12:40:51.0	     0.608	     0.994
01/10/2014	12:40:51.5	     0.608	     1.002
01/10/2014	12:40:52.0	     0.608	     1.003
01/10/2014	12:40:52.5	     0.608	     0.998
01/10/2014	12:40:53.0	     0.608	     0.994
01/10/2014	12:40:53.5	     0.608	     0.996
01/10/2014	12:40:54.0	     0.608	     1.004
01/10/2014	12:40:54.5	     0.608	     1.003
01/10/2014	12:40:55.0	     0.608	     1.001
01/10/2014	12:40:55.5	     0.608	     0.998
01/10/2014	12:40:56.0	     0.608	     1.001
01/10/2014	12:40:56.5	     0.608	     1.003
01/10/2014	12:40:57.0	     0.608	     1.001
01/10/2014	12:40:57.5	     0.608	     1.000
01/10/2014	12:40:58.0	     0.608	     1.001
01/10/2014	12:40:58.5	     0.608	     1.001
01/10/2014	12:40:59.0	     0.608	     1.005
01/10/2014	12:40:59.5	     0.608	     1.001
01/10/2014	12:41:00.0	     0.608	     0.999
01/10/2014	12:41:00.5	     0.608	     1.000
01/10/2014	12:41:01.0	     0.608	     1.003
01/10/2014	12:41:01.5	     0.608	     1.006
01/10/2014	12:41:02.0	     0.608	     1.006
01/10/2014	12:41:02.5	     0.608	     1.009
01/10/2014	12:41:03.0	     0.608	     1.010
01/10/2014	12:41:03.5	     0.608	     1.010
01/10/2014	12:41:04.0	     0.608	     1.009
01/10/2014	12:41:04.5	     0.608	     1.007
01/10/2014	12:41:05.0	     0.608	     1.009
01/10/2014	12:41:05.5	     0.608	     1.010
01/10/2014	12:41:06.0	     0.608	     1.011
01/10/2014	12:41:06.5	     0.608	     1.014
01/10/2014	12:41:07.0	     0.608	     1.010
01/10/2014	12:41:07.5	     0.608	     1.011
01/10/2014	12:41:08.0	     0.608	     1.010
01/10/2014	12:41:08.5	     0.608	     1.012
01/10/2014	12:41:09.0	     0.608	     1.012
01/10/2014	12:41:09.5	     0.608	     1.012
01/10/2014	12:41:10.0	     0.608	     1.013
01/10/2014	12:41:10.5	     0.608	     1.015
01/10/2014	12:41:11.0	     0.608	     1.015
01/10/2014	12:41:11.5	     0.608	     1.014
01/10/2014	12:41:12.0	     0.608	     1.014
01/10/2014	12:41:12.5	     0.608	     1.014
01/10/2014	12:41:13.0	     0.608	     1.015
01/10/2014	12:41:13.5	     0.608	     1.018
01/10/2014	12:41:14.0	     0.608	     1.019
01/10/2014	12:41:14.5	     0.608	     1.018
01/10/2014	12:41:15.0	     0.608	     1.019
01/10/2014	12:41:15.5	     0.608	     1.016
01/10/2014	12:41:16.0	     0.608	     1.016
01/10/2014	12:41:16.5	     0.608	     1.017
01/10/2014	12:41:17.0	     0.608	     1.019
01/10/2014	12:41:17.5	     0.608	     1.021
01/10/2014	12:41:18.0	     0.608	     1.019
01/10/2014	12:41:18.5	     0.608	     1.019
01/10/2014	12:41:19.0	     0.608	     1.019
01/10/2014	12:41:19.5	     0.608	     1.019
01/10/2014	12:41:20.0	     0.608	     1.017
01/10/2014	12:41:20.5	     0.608	     1.019
01/10/2014	12:41:21.0	     0.608	     1.019
01/10/2014	12:41:21.5	     0.608	     1.020
01/10/2014	12:41:22.0	     0.608	     1.020
01/10/2014	12:41:22.5	     0.608	     1.018
01/10/2014	12:41:23.0	     0.608	     1.018
01/10/2014	12:41:23.5	     0.608	     1.022
01/10/2014	12:41:24.0	     0.608	     1.022
01/10/2014	12:41:24.5	     0.608	     1.019
01/10/2014	12:41:25.0	     0.608	     1.022
01/10/2014	12:41:25.5	     0.608	     1.022
01/10/2014	12:41:26.0	     0.608	     1.022
01/10/2014	12:41:26.5	     0.608	     1.022
01/10/2014	12:41:27.0	     0.608	     1.023
01/10/2014	12:41:27.5	     0.608	     1.023
01/10/2014	12:41:28.0	     0.608	     1.023
01/10/2014	12:41:28.5	     0.608	     1.022
01/10/2014	12:41:29.0	     0.608	     1.022
01/10/2014	12:41:29.5	     0.608	     1.023
01/10/2014	12:41:30.0	     0.608	     1.023
01/10/2014	12:41:30.5	     0.608	     1.021
01/10/2014	12:41:31.0	     0.608	     1.023
01/10/2014	12:41:31.5	     0.608	     1.024
01/10/2014	12:41:32.0	     0.608	     1.024
01/10/2014	12:41:32.5	     0.608	     1.023
01/10/2014	12:41:33.0	     0.608	     1.023
01/10/2014	12:41:33.5	     0.608	     1.023
01/10/2014	12:41:34.0	     0.608	     1.024
01/10/2014	12:41:34.5	     0.608	     1.024
01/10/2014	12:41:35.0	     0.608	     1.023
01/10/2014	12:41:35.5	     0.608	     1.024
01/10/2014	12:41:36.0	     0.608	     1.025
01/10/2014	12:41:36.5	     0.607	     1.024
01/10/2014	12:41:37.0	     0.607	     1.024
01/10/2014	12:41:37.5	     0.608	     1.024
01/10/2014	12:41:38.0	     0.607	     1.025
01/10/2014	12:41:38.5	     0.607	     1.025
01/10/2014	12:41:39.0	     0.607	     1.025
01/10/2014	12:41:39.5	     0.607	     1.026
01/10/2014	12:41:40.0	     0.607	     1.029
01/10/2014	12:41:40.5	     0.608	     1.028
01/10/2014	12:41:41.0	     0.608	     1.029
01/10/2014	12:41:41.5	     0.607	     1.030
01/10/2014	12:41:42.0	     0.607	     1.030
01/10/2014	12:41:42.5	     0.607	     1.031
01/10/2014	12:41:43.0	     0.607	     1.032
01/10/2014	12:41:43.5	     0.607	     1.034
01/10/2014	12:41:44.0	     0.607	     1.037
01/10/2014	12:41:44.5	     0.607	     1.038
01/10/2014	12:41:45.0	     0.607	     1.038
01/10/2014	12:41:45.5	     0.608	     1.044
01/10/2014	12:41:46.0	     0.608	     1.044
01/10/2014	12:41:46.5	     0.608	     1.054
01/10/2014	12:41:47.0	     0.608	     1.062
01/10/2014	12:41:47.5	     0.608	     1.061
01/10/2014	12:41:48.0	     0.608	     1.076
01/10/2014	12:41:48.5	     0.608	     1.189
01/10/2014	12:41:49.0	     0.608	     1.309
01/10/2014	12:41:49.5	     0.608	     1.348
01/10/2014	12:41:50.0	     0.608	     1.332
01/10/2014	12:41:50.5	     0.608	     1.321
01/10/2014	12:41:51.0	     0.608	     1.308
01/10/2014	12:41:51.5	     0.608	     1.292
01/10/2014	12:41:52.0	     0.608	     1.285
01/10/2014	12:41:52.5	     0.608	     1.292
01/10/2014	12:41:53.0	     0.608	     1.296
01/10/2014	12:41:53.5	     0.608	     1.282
01/10/2014	12:41:54.0	     0.608	     1.277
01/10/2014	12:41:54.5	     0.608	     1.277
01/10/2014	12:41:55.0	     0.608	     1.269
01/10/2014	12:41:55.5	     0.608	     1.258
01/10/2014	12:41:56.0	     0.608	     1.251
01/10/2014	12:41:56.5	     0.608	     1.249
01/10/2014	12:41:57.0	     0.608	     1.243
01/10/2014	12:41:57.5	     0.608	     1.240
01/10/2014	12:41:58.0	     0.608	     1.237
01/10/2014	12:41:58.5	     0.608	     1.237
01/10/2014	12:41:59.0	     0.608	     1.242
01/10/2014	12:41:59.5	     0.608	     1.241
01/10/2014	12:42:00.0	     0.608	     1.237
01/10/2014	12:42:00.5	     0.608	     1.242
01/10/2014	12:42:01.0	     0.608	     1.241
01/10/2014	12:42:01.5	     0.608	     1.235
01/10/2014	12:42:02.0	     0.608	     1.237
01/10/2014	12:42:02.5	     0.609	     1.239
01/10/2014	12:42:03.0	     0.609	     1.241
01/10/2014	12:42:03.5	     0.609	     1.239
01/10/2014	12:42:04.0	     0.609	     1.237
01/10/2014	12:42:04.5	     0.609	     1.237
01/10/2014	12:42:05.0	     0.609	     1.237
01/10/2014	12:42:05.5	     0.609	     1.237
01/10/2014	12:42:06.0	     0.609	     1.237
01/10/2014	12:42:06.5	     0.609	     1.235
01/10/2014	12:42:07.0	     0.609	     1.234
01/10/2014	12:42:07.5	     0.609	     1.232
01/10/2014	12:42:08.0	     0.609	     1.230
01/10/2014	12:42:08.5	     0.610	     1.226
01/10/2014	12:42:09.0	     0.610	     1.225
01/10/2014	12:42:09.5	     0.610	     1.221
01/10/2014	12:42:10.0	     0.610	     1.220
01/10/2014	12:42:10.5	     0.610	     1.216
01/10/2014	12:42:11.0	     0.610	     1.212
01/10/2014	12:42:11.5	     0.611	     1.207
01/10/2014	12:42:12.0	     0.611	     1.206
01/10/2014	12:42:12.5	     0.611	     1.201
01/10/2014	12:42:13.0	     0.611	     1.199
01/10/2014	12:42:13.5	     0.611	     1.196
01/10/2014	12:42:14.0	     0.611	     1.192
01/10/2014	12:42:14.5	     0.611	     1.190
01/10/2014	12:42:15.0	     0.611	     1.187
01/10/2014	12:42:15.5	     0.612	     1.186
01/10/2014	12:42:16.0	     0.612	     1.183
01/10/2014	12:42:16.5	     0.612	     1.181
01/10/2014	12:42:17.0	     0.612	     1.179
01/10/2014	12:42:17.5	     0.612	     1.176
01/10/2014	12:42:18.0	     0.612	     1.175
01/10/2014	12:42:18.5	     0.612	     1.173
01/10/2014	12:42:19.0	     0.612	     1.169
01/10/2014	12:42:19.5	     0.612	     1.170
01/10/2014	12:42:20.0	     0.612	     1.166
01/10/2014	12:42:20.5	     0.613	     1.164
01/10/2014	12:42:21.0	     0.613	     1.163
01/10/2014	12:42:21.5	     0.613	     1.159
01/10/2014	12:42:22.0	     0.613	     1.156
01/10/2014	12:42:22.5	     0.613	     1.155
01/10/2014	12:42:23.0	     0.613	     1.153
01/10/2014	12:42:23.5	     0.613	     1.154
01/10/2014	12:42:24.0	     0.613	     1.152
01/10/2014	12:42:24.5	     0.613	     1.149
01/10/2014	12:42:25.0	     0.613	     1.149
01/10/2014	12:42:25.5	     0.613	     1.148
01/10/2014	12:42:26.0	     0.613	     1.145
01/10/2014	12:42:26.5	     0.613	     1.143
01/10/2014	12:42:27.0	     0.613	     1.142
01/10/2014	12:42:27.5	     0.614	     1.140
01/10/2014	12:42:28.0	     0.614	     1.140
01/10/2014	12:42:28.5	     0.614	     1.137
01/10/2014	12:42:29.0	     0.614	     1.137
01/10/2014	12:42:29.5	     0.614	     1.135
01/10/2014	12:42:30.0	     0.614	     1.133
01/10/2014	12:42:30.5	     0.614	     1.132
01/10/2014	12:42:31.0	     0.614	     1.133
01/10/2014	12:42:31.5	     0.614	     1.132
01/10/2014	12:42:32.0	     0.614	     1.132
01/10/2014	12:42:32.5	     0.614	     1.130
01/10/2014	12:42:33.0	     0.614	     1.130
01/10/2014	12:42:33.5	     0.614	     1.130
01/10/2014	12:42:34.0	     0.614	     1.129
01/10/2014	12:42:34.5	     0.614	     1.126
01/10/2014	12:42:35.0	     0.614	     1.126
01/10/2014	12:42:35.5	     0.614	     1.126
01/10/2014	12:42:36.0	     0.614	     1.123
01/10/2014	12:42:36.5	     0.614	     1.123
01/10/2014	12:42:37.0	     0.614	     1.123
01/10/2014	12:42:37.5	     0.614	     1.121
01/10/2014	12:42:38.0	     0.614	     1.119
01/10/2014	12:42:38.5	     0.614	     1.119
01/10/2014	12:42:39.0	     0.614	     1.118
01/10/2014	12:42:39.5	     0.614	     1.115
01/10/2014	12:42:40.0	     0.614	     1.115
01/10/2014	12:42:40.5	     0.614	     1.115
01/10/2014	12:42:41.0	     0.614	     1.115
01/10/2014	12:42:41.5	     0.614	     1.115
01/10/2014	12:42:42.0	     0.614	     1.114
01/10/2014	12:42:42.5	     0.614	     1.114
01/10/2014	12:42:43.0	     0.614	     1.113
01/10/2014	12:42:43.5	     0.614	     1.111
01/10/2014	12:42:44.0	     0.614	     1.111
01/10/2014	12:42:44.5	     0.614	     1.110
01/10/2014	12:42:45.0	     0.614	     1.109
01/10/2014	12:42:45.5	     0.614	     1.109
01/10/2014	12:42:46.0	     0.614	     1.110
01/10/2014	12:42:46.5	     0.614	     1.109
01/10/2014	12:42:47.0	     0.614	     1.108
01/10/2014	12:42:47.5	     0.614	     1.107
01/10/2014	12:42:48.0	     0.614	     1.107
01/10/2014	12:42:48.5	     0.614	     1.107
01/10/2014	12:42:49.0	     0.614	     1.106
01/10/2014	12:42:49.5	     0.614	     1.106
01/10/2014	12:42:50.0	     0.614	     1.106
01/10/2014	12:42:50.5	     0.614	     1.105
01/10/2014	12:42:51.0	     0.614	     1.104
01/10/2014	12:42:51.5	     0.614	     1.104
01/10/2014	12:42:52.0	     0.614	     1.103
01/10/2014	12:42:52.5	     0.614	     1.102
01/10/2014	12:42:53.0	     0.614	     1.102
01/10/2014	12:42:53.5	     0.614	     1.101
01/10/2014	12:42:54.0	     0.614	     1.101
01/10/2014	12:42:54.5	     0.614	     1.100
01/10/2014	12:42:55.0	     0.614	     1.100
01/10/2014	12:42:55.5	     0.614	     1.099
01/10/2014	12:42:56.0	     0.614	     1.099
01/10/2014	12:42:56.5	     0.614	     1.097
01/10/2014	12:42:57.0	     0.614	     1.096
01/10/2014	12:42:57.5	     0.614	     1.096
01/10/2014	12:42:58.0	     0.614	     1.095
01/10/2014	12:42:58.5	     0.614	     1.094
01/10/2014	12:42:59.0	     0.614	     1.093
01/10/2014	12:42:59.5	     0.614	     1.094
01/10/2014	12:43:00.0	     0.613	     1.094
01/10/2014	12:43:00.5	     0.613	     1.094
01/10/2014	12:43:01.0	     0.613	     1.093
01/10/2014	12:43:01.5	     0.613	     1.091
01/10/2014	12:43:02.0	     0.614	     1.091
01/10/2014	12:43:02.5	     0.614	     1.090
01/10/2014	12:43:03.0	     0.613	     1.091
01/10/2014	12:43:03.5	     0.613	     1.091
01/10/2014	12:43:04.0	     0.613	     1.090
01/10/2014	12:43:04.5	     0.613	     1.090
01/10/2014	12:43:05.0	     0.613	     1.090
01/10/2014	12:43:05.5	     0.613	     1.089
01/10/2014	12:43:06.0	     0.613	     1.089
01/10/2014	12:43:06.5	     0.613	     1.089
01/10/2014	12:43:07.0	     0.613	     1.088
01/10/2014	12:43:07.5	     0.613	     1.088
01/10/2014	12:43:08.0	     0.613	     1.087
01/10/2014	12:43:08.5	     0.613	     1.088
01/10/2014	12:43:09.0	     0.613	     1.087
01/10/2014	12:43:09.5	     0.613	     1.088
01/10/2014	12:43:10.0	     0.613	     1.087
01/10/2014	12:43:10.5	     0.613	     1.087
01/10/2014	12:43:11.0	     0.613	     1.086
01/10/2014	12:43:11.5	     0.613	     1.086
01/10/2014	12:43:12.0	     0.613	     1.085
01/10/2014	12:43:12.5	     0.613	     1.085
01/10/2014	12:43:13.0	     0.613	     1.084
01/10/2014	12:43:13.5	     0.613	     1.084
01/10/2014	12:43:14.0	     0.613	     1.084
01/10/2014	12:43:14.5	     0.613	     1.083
01/10/2014	12:43:15.0	     0.613	     1.082
01/10/2014	12:43:15.5	     0.613	     1.082
01/10/2014	12:43:16.0	     0.613	     1.082
01/10/2014	12:43:16.5	     0.613	     1.082
01/10/2014	12:43:17.0	     0.613	     1.081
01/10/2014	12:43:17.5	     0.613	     1.081
01/10/2014	12:43:18.0	     0.613	     1.080
01/10/2014	12:43:18.5	     0.613	     1.080
01/10/2014	12:43:19.0	     0.613	     1.080
01/10/2014	12:43:19.5	     0.613	     1.079
01/10/2014	12:43:20.0	     0.613	     1.079
01/10/2014	12:43:20.5	     0.613	     1.079
01/10/2014	12:43:21.0	     0.613	     1.078
01/10/2014	12:43:21.5	     0.613	     1.078
01/10/2014	12:43:22.0	     0.614	     1.078
01/10/2014	12:43:22.5	     0.614	     1.078
01/10/2014	12:43:23.0	     0.614	     1.077
01/10/2014	12:43:23.5	     0.613	     1.077
01/10/2014	12:43:24.0	     0.613	     1.077
01/10/2014	12:43:24.5	     0.613	     1.076
01/10/2014	12:43:25.0	     0.613	     1.076
01/10/2014	12:43:25.5	     0.613	     1.075
01/10/2014	12:43:26.0	     0.613	     1.074
01/10/2014	12:43:26.5	     0.613	     1.074
01/10/2014	12:43:27.0	     0.613	     1.075
01/10/2014	12:43:27.5	     0.613	     1.075
01/10/2014	12:43:28.0	     0.613	     1.073
01/10/2014	12:43:28.5	     0.613	     1.071
01/10/2014	12:43:29.0	     0.613	     1.072
01/10/2014	12:43:29.5	     0.613	     1.072
01/10/2014	12:43:30.0	     0.613	     1.072
01/10/2014	12:43:30.5	     0.613	     1.072
01/10/2014	12:43:31.0	     0.613	     1.072
01/10/2014	12:43:31.5	     0.613	     1.072
01/10/2014	12:43:32.0	     0.613	     1.072
01/10/2014	12:43:32.5	     0.613	     1.073
01/10/2014	12:43:33.0	     0.613	     1.072
01/10/2014	12:43:33.5	     0.613	     1.072
01/10/2014	12:43:34.0	     0.613	     1.072
01/10/2014	12:43:34.5	     0.613	     1.071
01/10/2014	12:43:35.0	     0.613	     1.071
01/10/2014	12:43:35.5	     0.613	     1.071
01/10/2014	12:43:36.0	     0.613	     1.071
01/10/2014	12:43:36.5	     0.613	     1.071
01/10/2014	12:43:37.0	     0.613	     1.069
01/10/2014	12:43:37.5	     0.613	     1.068
01/10/2014	12:43:38.0	     0.613	     1.069
01/10/2014	12:43:38.5	     0.613	     1.068
01/10/2014	12:43:39.0	     0.613	     1.069
01/10/2014	12:43:39.5	     0.613	     1.069
01/10/2014	12:43:40.0	     0.613	     1.069
01/10/2014	12:43:40.5	     0.613	     1.068
01/10/2014	12:43:41.0	     0.613	     1.068
01/10/2014	12:43:41.5	     0.613	     1.067
01/10/2014	12:43:42.0	     0.613	     1.067
01/10/2014	12:43:42.5	     0.613	     1.067
01/10/2014	12:43:43.0	     0.613	     1.066
01/10/2014	12:43:43.5	     0.613	     1.066
01/10/2014	12:43:44.0	     0.613	     1.066
01/10/2014	12:43:44.5	     0.613	     1.066
01/10/2014	12:43:45.0	     0.613	     1.066
01/10/2014	12:43:45.5	     0.613	     1.066
01/10/2014	12:43:46.0	     0.613	     1.066
01/10/2014	12:43:46.5	     0.613	     1.065
01/10/2014	12:43:47.0	     0.613	     1.065
01/10/2014	12:43:47.5	     0.613	     1.063
01/10/2014	12:43:48.0	     0.613	     1.064
01/10/2014	12:43:48.5	     0.613	     1.064
01/10/2014	12:43:49.0	     0.613	     1.063
01/10/2014	12:43:49.5	     0.613	     1.063
01/10/2014	12:43:50.0	     0.613	     1.064
01/10/2014	12:43:50.5	     0.613	     1.064
01/10/2014	12:43:51.0	     0.613	     1.064
01/10/2014	12:43:51.5	     0.613	     1.064
01/10/2014	12:43:52.0	     0.613	     1.064
01/10/2014	12:43:52.5	     0.613	     1.064
01/10/2014	12:43:53.0	     0.613	     1.064
01/10/2014	12:43:53.5	     0.613	     1.062
01/10/2014	12:43:54.0	     0.613	     1.062
01/10/2014	12:43:54.5	     0.613	     1.062
01/10/2014	12:43:55.0	     0.613	     1.062
01/10/2014	12:43:55.5	     0.613	     1.062
01/10/2014	12:43:56.0	     0.613	     1.060
01/10/2014	12:43:56.5	     0.613	     1.060
01/10/2014	12:43:57.0	     0.613	     1.059
01/10/2014	12:43:57.5	     0.613	     1.060
01/10/2014	12:43:58.0	     0.613	     1.061
01/10/2014	12:43:58.5	     0.613	     1.060
01/10/2014	12:43:59.0	     0.613	     1.060
01/10/2014	12:43:59.5	     0.613	     1.060
01/10/2014	12:44:00.0	     0.613	     1.060
01/10/2014	12:44:00.5	     0.613	     1.061
01/10/2014	12:44:01.0	     0.613	     1.061
01/10/2014	12:44:01.5	     0.613	     1.061
01/10/2014	12:44:02.0	     0.613	     1.061
01/10/2014	12:44:02.5	     0.613	     1.060
01/10/2014	12:44:03.0	     0.613	     1.059
01/10/2014	12:44:03.5	     0.613	     1.058
01/10/2014	12:44:04.0	     0.613	     1.058
01/10/2014	12:44:04.5	     0.613	     1.058
01/10/2014	12:44:05.0	     0.613	     1.058
01/10/2014	12:44:05.5	     0.613	     1.059
01/10/2014	12:44:06.0	     0.613	     1.058
01/10/2014	12:44:06.5	     0.613	     1.057
01/10/2014	12:44:07.0	     0.613	     1.056
01/10/2014	12:44:07.5	     0.613	     1.057
01/10/2014	12:44:08.0	     0.613	     1.058
01/10/2014	12:44:08.5	     0.613	     1.057
01/10/2014	12:44:09.0	     0.613	     1.058
01/10/2014	12:44:09.5	     0.613	     1.057
01/10/2014	12:44:10.0	     0.613	     1.057
01/10/2014	12:44:10.5	     0.613	     1.057
01/10/2014	12:44:11.0	     0.613	     1.056
01/10/2014	12:44:11.5	     0.613	     1.056
01/10/2014	12:44:12.0	     0.613	     1.056
01/10/2014	12:44:12.5	     0.613	     1.056
01/10/2014	12:44:13.0	     0.613	     1.056
01/10/2014	12:44:13.5	     0.613	     1.056
01/10/2014	12:44:14.0	     0.613	     1.056
01/10/2014	12:44:14.5	     0.613	     1.055
01/10/2014	12:44:15.0	     0.613	     1.055
01/10/2014	12:44:15.5	     0.613	     1.055
01/10/2014	12:44:16.0	     0.613	     1.055
01/10/2014	12:44:16.5	     0.613	     1.054
01/10/2014	12:44:17.0	     0.613	     1.054
01/10/2014	12:44:17.5	     0.613	     1.054
01/10/2014	12:44:18.0	     0.613	     1.054
01/10/2014	12:44:18.5	     0.613	     1.054
01/10/2014	12:44:19.0	     0.613	     1.054
01/10/2014	12:44:19.5	     0.613	     1.054
01/10/2014	12:44:20.0	     0.613	     1.053
01/10/2014	12:44:20.5	     0.613	     1.054
01/10/2014	12:44:21.0	     0.613	     1.053
01/10/2014	12:44:21.5	     0.613	     1.053
01/10/2014	12:44:22.0	     0.613	     1.053
01/10/2014	12:44:22.5	     0.613	     1.054
01/10/2014	12:44:23.0	     0.613	     1.053
01/10/2014	12:44:23.5	     0.613	     1.053
01/10/2014	12:44:24.0	     0.613	     1.052
01/10/2014	12:44:24.5	     0.613	     1.052
01/10/2014	12:44:25.0	     0.613	     1.052
01/10/2014	12:44:25.5	     0.613	     1.051
01/10/2014	12:44:26.0	     0.613	     1.051
01/10/2014	12:44:26.5	     0.613	     1.051
01/10/2014	12:44:27.0	     0.613	     1.051
01/10/2014	12:44:27.5	     0.613	     1.050
01/10/2014	12:44:28.0	     0.613	     1.050
01/10/2014	12:44:28.5	     0.613	     1.050
01/10/2014	12:44:29.0	     0.613	     1.050
01/10/2014	12:44:29.5	     0.613	     1.050
01/10/2014	12:44:30.0	     0.613	     1.050
01/10/2014	12:44:30.5	     0.613	     1.050
01/10/2014	12:44:31.0	     0.613	     1.050
01/10/2014	12:44:31.5	     0.613	     1.050
01/10/2014	12:44:32.0	     0.613	     1.050
01/10/2014	12:44:32.5	     0.613	     1.051
01/10/2014	12:44:33.0	     0.613	     1.050
01/10/2014	12:44:33.5	     0.613	     1.051
01/10/2014	12:44:34.0	     0.613	     1.050
01/10/2014	12:44:34.5	     0.613	     1.050
01/10/2014	12:44:35.0	     0.613	     1.050
01/10/2014	12:44:35.5	     0.614	     1.050
01/10/2014	12:44:36.0	     0.614	     1.050
01/10/2014	12:44:36.5	     0.614	     1.049
01/10/2014	12:44:37.0	     0.614	     1.049
01/10/2014	12:44:37.5	     0.614	     1.049
01/10/2014	12:44:38.0	     0.614	     1.050
01/10/2014	12:44:38.5	     0.614	     1.049
01/10/2014	12:44:39.0	     0.613	     1.049
01/10/2014	12:44:39.5	     0.613	     1.049
01/10/2014	12:44:40.0	     0.613	     1.048
01/10/2014	12:44:40.5	     0.613	     1.049
01/10/2014	12:44:41.0	     0.614	     1.049
01/10/2014	12:44:41.5	     0.614	     1.049
01/10/2014	12:44:42.0	     0.614	     1.049
01/10/2014	12:44:42.5	     0.614	     1.048
01/10/2014	12:44:43.0	     0.614	     1.049
01/10/2014	12:44:43.5	     0.614	     1.048
01/10/2014	12:44:44.0	     0.614	     1.047
01/10/2014	12:44:44.5	     0.614	     1.047
01/10/2014	12:44:45.0	     0.614	     1.047
01/10/2014	12:44:45.5	     0.614	     1.046
01/10/2014	12:44:46.0	     0.614	     1.046
01/10/2014	12:44:46.5	     0.614	     1.046
01/10/2014	12:44:47.0	     0.614	     1.047
01/10/2014	12:44:47.5	     0.613	     1.045
01/10/2014	12:44:48.0	     0.613	     1.046
01/10/2014	12:44:48.5	     0.613	     1.046
01/10/2014	12:44:49.0	     0.613	     1.046
01/10/2014	12:44:49.5	     0.613	     1.046
01/10/2014	12:44:50.0	     0.613	     1.046
01/10/2014	12:44:50.5	     0.613	     1.047
01/10/2014	12:44:51.0	     0.613	     1.046
01/10/2014	12:44:51.5	     0.613	     1.045
01/10/2014	12:44:52.0	     0.613	     1.045
01/10/2014	12:44:52.5	     0.613	     1.046
01/10/2014	12:44:53.0	     0.613	     1.045
01/10/2014	12:44:53.5	     0.613	     1.045
01/10/2014	12:44:54.0	     0.613	     1.045
01/10/2014	12:44:54.5	     0.613	     1.045
01/10/2014	12:44:55.0	     0.613	     1.045
01/10/2014	12:44:55.5	     0.613	     1.045
01/10/2014	12:44:56.0	     0.613	     1.044
01/10/2014	12:44:56.5	     0.613	     1.044
01/10/2014	12:44:57.0	     0.613	     1.044
01/10/2014	12:44:57.5	     0.613	     1.044
01/10/2014	12:44:58.0	     0.613	     1.044
01/10/2014	12:44:58.5	     0.613	     1.044
01/10/2014	12:44:59.0	     0.613	     1.043
01/10/2014	12:44:59.5	     0.613	     1.043
01/10/2014	12:45:00.0	     0.613	     1.044
01/10/2014	12:45:00.5	     0.613	     1.043
01/10/2014	12:45:01.0	     0.613	     1.043
01/10/2014	12:45:01.5	     0.613	     1.042
01/10/2014	12:45:02.0	     0.613	     1.042
01/10/2014	12:45:02.5	     0.614	     1.043
01/10/2014	12:45:03.0	     0.614	     1.043
01/10/2014	12:45:03.5	     0.614	     1.043
01/10/2014	12:45:04.0	     0.614	     1.042
01/10/2014	12:45:04.5	     0.614	     1.042
01/10/2014	12:45:05.0	     0.614	     1.042
01/10/2014	12:45:05.5	     0.614	     1.042
01/10/2014	12:45:06.0	     0.614	     1.042
01/10/2014	12:45:06.5	     0.614	     1.042
01/10/2014	12:45:07.0	     0.614	     1.042
01/10/2014	12:45:07.5	     0.614	     1.042
01/10/2014	12:45:08.0	     0.614	     1.042
01/10/2014	12:45:08.5	     0.614	     1.042
01/10/2014	12:45:09.0	     0.614	     1.042
01/10/2014	12:45:09.5	     0.614	     1.042
01/10/2014	12:45:10.0	     0.614	     1.042
01/10/2014	12:45:10.5	     0.614	     1.042
01/10/2014	12:45:11.0	     0.614	     1.042
01/10/2014	12:45:11.5	     0.614	     1.043
01/10/2014	12:45:12.0	     0.614	     1.042
01/10/2014	12:45:12.5	     0.614	     1.042
01/10/2014	12:45:13.0	     0.614	     1.042
01/10/2014	12:45:13.5	     0.614	     1.042
01/10/2014	12:45:14.0	     0.614	     1.042
01/10/2014	12:45:14.5	     0.614	     1.041
01/10/2014	12:45:15.0	     0.614	     1.041
01/10/2014	12:45:15.5	     0.614	     1.041
01/10/2014	12:45:16.0	     0.614	     1.041
01/10/2014	12:45:16.5	     0.614	     1.040
01/10/2014	12:45:17.0	     0.614	     1.041
01/10/2014	12:45:17.5	     0.614	     1.041
01/10/2014	12:45:18.0	     0.614	     1.041
01/10/2014	12:45:18.5	     0.614	     1.041
01/10/2014	12:45:19.0	     0.614	     1.040
01/10/2014	12:45:19.5	     0.614	     1.040
01/10/2014	12:45:20.0	     0.614	     1.040
01/10/2014	12:45:20.5	     0.614	     1.040
01/10/2014	12:45:21.0	     0.614	     1.040
01/10/2014	12:45:21.5	     0.614	     1.039
01/10/2014	12:45:22.0	     0.614	     1.040
01/10/2014	12:45:22.5	     0.614	     1.040
01/10/2014	12:45:23.0	     0.614	     1.039
01/10/2014	12:45:23.5	     0.614	     1.039
01/10/2014	12:45:24.0	     0.614	     1.038
01/10/2014	12:45:24.5	     0.614	     1.039
01/10/2014	12:45:25.0	     0.614	     1.038
01/10/2014	12:45:25.5	     0.614	     1.038
01/10/2014	12:45:26.0	     0.614	     1.038
01/10/2014	12:45:26.5	     0.614	     1.035
01/10/2014	12:45:27.0	     0.614	     1.035
01/10/2014	12:45:27.5	     0.614	     1.035
01/10/2014	12:45:28.0	     0.614	     1.036
01/10/2014	12:45:28.5	     0.614	     1.036
01/10/2014	12:45:29.0	     0.614	     1.037
01/10/2014	12:45:29.5	     0.614	     1.037
01/10/2014	12:45:30.0	     0.614	     1.037
01/10/2014	12:45:30.5	     0.614	     1.037
01/10/2014	12:45:31.0	     0.614	     1.037
01/10/2014	12:45:31.5	     0.614	     1.037
01/10/2014	12:45:32.0	     0.615	     1.037
01/10/2014	12:45:32.5	     0.615	     1.037
01/10/2014	12:45:33.0	     0.615	     1.037
01/10/2014	12:45:33.5	     0.614	     1.037
01/10/2014	12:45:34.0	     0.614	     1.037
01/10/2014	12:45:34.5	     0.615	     1.037
01/10/2014	12:45:35.0	     0.615	     1.037
01/10/2014	12:45:35.5	     0.615	     1.037
01/10/2014	12:45:36.0	     0.615	     1.036
01/10/2014	12:45:36.5	     0.615	     1.036
01/10/2014	12:45:37.0	     0.615	     1.035
01/10/2014	12:45:37.5	     0.615	     1.035
01/10/2014	12:45:38.0	     0.615	     1.035
01/10/2014	12:45:38.5	     0.615	     1.035
01/10/2014	12:45:39.0	     0.615	     1.035
01/10/2014	12:45:39.5	     0.615	     1.034
01/10/2014	12:45:40.0	     0.615	     1.035
01/10/2014	12:45:40.5	     0.615	     1.035
01/10/2014	12:45:41.0	     0.615	     1.035
01/10/2014	12:45:41.5	     0.615	     1.035
01/10/2014	12:45:42.0	     0.615	     1.035
01/10/2014	12:45:42.5	     0.615	     1.035
01/10/2014	12:45:43.0	     0.615	     1.036
01/10/2014	12:45:43.5	     0.615	     1.035
01/10/2014	12:45:44.0	     0.615	     1.035
01/10/2014	12:45:44.5	     0.615	     1.035
01/10/2014	12:45:45.0	     0.615	     1.035
01/10/2014	12:45:45.5	     0.615	     1.036
01/10/2014	12:45:46.0	     0.615	     1.035
01/10/2014	12:45:46.5	     0.615	     1.035
01/10/2014	12:45:47.0	     0.615	     1.035
01/10/2014	12:45:47.5	     0.615	     1.035
01/10/2014	12:45:48.0	     0.615	     1.035
01/10/2014	12:45:48.5	     0.615	     1.035
01/10/2014	12:45:49.0	     0.615	     1.034
01/10/2014	12:45:49.5	     0.615	     1.034
01/10/2014	12:45:50.0	     0.615	     1.034
01/10/2014	12:45:50.5	     0.615	     1.034
01/10/2014	12:45:51.0	     0.615	     1.034
01/10/2014	12:45:51.5	     0.615	     1.034
01/10/2014	12:45:52.0	     0.615	     1.034
01/10/2014	12:45:52.5	     0.615	     1.033
01/10/2014	12:45:53.0	     0.615	     1.034
01/10/2014	12:45:53.5	     0.615	     1.034
01/10/2014	12:45:54.0	     0.615	     1.034
01/10/2014	12:45:54.5	     0.615	     1.034
01/10/2014	12:45:55.0	     0.615	     1.034
01/10/2014	12:45:55.5	     0.615	     1.034
01/10/2014	12:45:56.0	     0.615	     1.033
01/10/2014	12:45:56.5	     0.615	     1.034
01/10/2014	12:45:57.0	     0.615	     1.034
01/10/2014	12:45:57.5	     0.615	     1.034
01/10/2014	12:45:58.0	     0.615	     1.034
01/10/2014	12:45:58.5	     0.615	     1.034
01/10/2014	12:45:59.0	     0.614	     1.034
01/10/2014	12:45:59.5	     0.614	     1.034
01/10/2014	12:46:00.0	     0.614	     1.033
01/10/2014	12:46:00.5	     0.614	     1.032
01/10/2014	12:46:01.0	     0.614	     1.033
01/10/2014	12:46:01.5	     0.614	     1.033
01/10/2014	12:46:02.0	     0.614	     1.033
01/10/2014	12:46:02.5	     0.614	     1.033
01/10/2014	12:46:03.0	     0.614	     1.033
01/10/2014	12:46:03.5	     0.614	     1.033
01/10/2014	12:46:04.0	     0.614	     1.033
01/10/2014	12:46:04.5	     0.614	     1.033
01/10/2014	12:46:05.0	     0.614	     1.033
01/10/2014	12:46:05.5	     0.614	     1.033
01/10/2014	12:46:06.0	     0.614	     1.032
01/10/2014	12:46:06.5	     0.614	     1.032
01/10/2014	12:46:07.0	     0.614	     1.032
01/10/2014	12:46:07.5	     0.614	     1.032
01/10/2014	12:46:08.0	     0.614	     1.032
01/10/2014	12:46:08.5	     0.614	     1.031
01/10/2014	12:46:09.0	     0.614	     1.031
01/10/2014	12:46:09.5	     0.614	     1.031
01/10/2014	12:46:10.0	     0.614	     1.030
01/10/2014	12:46:10.5	     0.614	     1.031
01/10/2014	12:46:11.0	     0.614	     1.031
01/10/2014	12:46:11.5	     0.614	     1.031
01/10/2014	12:46:12.0	     0.614	     1.031
01/10/2014	12:46:12.5	     0.614	     1.032
01/10/2014	12:46:13.0	     0.614	     1.031
01/10/2014	12:46:13.5	     0.614	     1.031
01/10/2014	12:46:14.0	     0.614	     1.030
01/10/2014	12:46:14.5	     0.614	     1.030
01/10/2014	12:46:15.0	     0.614	     1.031
01/10/2014	12:46:15.5	     0.614	     1.030
01/10/2014	12:46:16.0	     0.614	     1.030
01/10/2014	12:46:16.5	     0.614	     1.030
01/10/2014	12:46:17.0	     0.614	     1.030
END DATA