VIRTUALBENCH-LOGGER 2.5 REPORT
NATIONAL INSTRUMENTS
DATE CREATED	11:04:57	01/10/2014

USER	

START COMMENT

END COMMENT

START DATA
Date	Time	AMPS(V)	PYRO(V)
01/10/2014	11:05:05.6	     0.600	     1.070
01/10/2014	11:05:06.1	     0.600	     1.077
01/10/2014	11:05:06.6	     0.600	     1.076
01/10/2014	11:05:07.1	     0.600	     1.077
01/10/2014	11:05:07.6	     0.600	     1.075
01/10/2014	11:05:08.1	     0.600	     1.076
01/10/2014	11:05:08.6	     0.600	     1.075
01/10/2014	11:05:09.1	     0.600	     1.075
01/10/2014	11:05:09.6	     0.600	     1.077
01/10/2014	11:05:10.1	     0.600	     1.076
01/10/2014	11:05:10.6	     0.600	     1.076
01/10/2014	11:05:11.1	     0.600	     1.076
01/10/2014	11:05:11.6	     0.600	     1.077
01/10/2014	11:05:12.1	     0.600	     1.034
01/10/2014	11:05:12.6	     0.600	     0.899
01/10/2014	11:05:13.1	     0.599	     0.704
01/10/2014	11:05:13.6	     0.599	     0.707
01/10/2014	11:05:14.1	     0.600	     0.861
01/10/2014	11:05:14.6	     0.600	     0.901
01/10/2014	11:05:15.1	     0.600	     0.914
01/10/2014	11:05:15.6	     0.599	     0.927
01/10/2014	11:05:16.1	     0.600	     0.943
01/10/2014	11:05:16.6	     0.600	     0.933
01/10/2014	11:05:17.1	     0.599	     0.940
01/10/2014	11:05:17.6	     0.599	     0.931
01/10/2014	11:05:18.1	     0.600	     0.920
01/10/2014	11:05:18.6	     0.600	     0.903
01/10/2014	11:05:19.1	     0.600	     0.898
01/10/2014	11:05:19.6	     0.600	     0.904
01/10/2014	11:05:20.1	     0.600	     0.936
01/10/2014	11:05:20.6	     0.600	     0.915
01/10/2014	11:05:21.1	     0.599	     0.925
01/10/2014	11:05:21.6	     0.599	     0.942
01/10/2014	11:05:22.1	     0.599	     0.928
01/10/2014	11:05:22.6	     0.599	     0.931
01/10/2014	11:05:23.1	     0.599	     0.975
01/10/2014	11:05:23.6	     0.599	     0.954
01/10/2014	11:05:24.1	     0.599	     0.964
01/10/2014	11:05:24.6	     0.599	     0.974
01/10/2014	11:05:25.1	     0.599	     0.967
01/10/2014	11:05:25.6	     0.599	     0.954
01/10/2014	11:05:26.1	     0.599	     0.920
01/10/2014	11:05:26.6	     0.599	     0.932
01/10/2014	11:05:27.1	     0.599	     0.907
01/10/2014	11:05:27.6	     0.599	     0.920
01/10/2014	11:05:28.1	     0.599	     0.932
01/10/2014	11:05:28.6	     0.599	     0.921
01/10/2014	11:05:29.1	     0.599	     0.943
01/10/2014	11:05:29.6	     0.598	     0.940
01/10/2014	11:05:30.1	     0.598	     0.920
01/10/2014	11:05:30.6	     0.598	     0.948
01/10/2014	11:05:31.1	     0.598	     0.958
01/10/2014	11:05:31.6	     0.598	     0.936
01/10/2014	11:05:32.1	     0.598	     0.939
01/10/2014	11:05:32.6	     0.598	     0.940
01/10/2014	11:05:33.1	     0.598	     0.937
01/10/2014	11:05:33.6	     0.598	     0.928
01/10/2014	11:05:34.1	     0.598	     0.927
01/10/2014	11:05:34.6	     0.598	     0.929
01/10/2014	11:05:35.1	     0.598	     0.974
01/10/2014	11:05:35.6	     0.598	     0.977
01/10/2014	11:05:36.1	     0.598	     0.951
01/10/2014	11:05:36.6	     0.598	     0.978
01/10/2014	11:05:37.1	     0.597	     0.958
01/10/2014	11:05:37.6	     0.597	     0.984
01/10/2014	11:05:38.1	     0.597	     0.970
01/10/2014	11:05:38.6	     0.597	     0.971
01/10/2014	11:05:39.1	     0.597	     0.972
01/10/2014	11:05:39.6	     0.597	     0.966
01/10/2014	11:05:40.1	     0.597	     0.986
01/10/2014	11:05:40.6	     0.597	     0.967
01/10/2014	11:05:41.1	     0.597	     0.967
01/10/2014	11:05:41.6	     0.597	     0.966
01/10/2014	11:05:42.1	     0.597	     0.971
01/10/2014	11:05:42.6	     0.596	     0.986
01/10/2014	11:05:43.1	     0.596	     0.984
01/10/2014	11:05:43.6	     0.596	     0.984
01/10/2014	11:05:44.1	     0.596	     0.982
01/10/2014	11:05:44.6	     0.596	     0.998
01/10/2014	11:05:45.1	     0.596	     0.982
01/10/2014	11:05:45.6	     0.596	     0.976
01/10/2014	11:05:46.1	     0.596	     0.984
01/10/2014	11:05:46.6	     0.596	     0.981
01/10/2014	11:05:47.1	     0.596	     0.973
01/10/2014	11:05:47.6	     0.596	     0.977
01/10/2014	11:05:48.1	     0.596	     0.988
01/10/2014	11:05:48.6	     0.596	     0.978
01/10/2014	11:05:49.1	     0.596	     0.989
01/10/2014	11:05:49.6	     0.596	     0.985
01/10/2014	11:05:50.1	     0.596	     0.989
01/10/2014	11:05:50.6	     0.595	     0.981
01/10/2014	11:05:51.1	     0.595	     0.985
01/10/2014	11:05:51.6	     0.595	     0.984
01/10/2014	11:05:52.1	     0.595	     0.987
01/10/2014	11:05:52.6	     0.595	     0.986
01/10/2014	11:05:53.1	     0.595	     1.006
01/10/2014	11:05:53.6	     0.595	     0.985
01/10/2014	11:05:54.1	     0.595	     0.979
01/10/2014	11:05:54.6	     0.595	     0.991
01/10/2014	11:05:55.1	     0.595	     0.988
01/10/2014	11:05:55.6	     0.595	     0.990
01/10/2014	11:05:56.1	     0.595	     0.992
01/10/2014	11:05:56.6	     0.595	     0.981
01/10/2014	11:05:57.1	     0.595	     0.988
01/10/2014	11:05:57.6	     0.595	     0.980
01/10/2014	11:05:58.1	     0.595	     0.986
01/10/2014	11:05:58.6	     0.595	     0.988
01/10/2014	11:05:59.1	     0.594	     0.977
01/10/2014	11:05:59.6	     0.594	     0.974
01/10/2014	11:06:00.1	     0.594	     0.976
01/10/2014	11:06:00.6	     0.594	     0.980
01/10/2014	11:06:01.1	     0.594	     0.980
01/10/2014	11:06:01.6	     0.594	     0.981
01/10/2014	11:06:02.1	     0.594	     0.983
01/10/2014	11:06:02.6	     0.594	     0.984
01/10/2014	11:06:03.1	     0.594	     0.989
01/10/2014	11:06:03.6	     0.594	     0.990
01/10/2014	11:06:04.1	     0.594	     0.988
01/10/2014	11:06:04.6	     0.594	     0.981
01/10/2014	11:06:05.1	     0.594	     0.978
01/10/2014	11:06:05.6	     0.594	     0.983
01/10/2014	11:06:06.1	     0.594	     0.984
01/10/2014	11:06:06.6	     0.594	     0.984
01/10/2014	11:06:07.1	     0.594	     0.993
01/10/2014	11:06:07.6	     0.594	     0.994
01/10/2014	11:06:08.1	     0.594	     0.992
01/10/2014	11:06:08.6	     0.594	     0.994
01/10/2014	11:06:09.1	     0.594	     0.994
01/10/2014	11:06:09.6	     0.594	     1.004
01/10/2014	11:06:10.1	     0.594	     1.004
01/10/2014	11:06:10.6	     0.594	     1.007
01/10/2014	11:06:11.1	     0.594	     1.002
01/10/2014	11:06:11.6	     0.594	     1.002
01/10/2014	11:06:12.1	     0.594	     1.001
01/10/2014	11:06:12.6	     0.594	     1.007
01/10/2014	11:06:13.1	     0.594	     1.005
01/10/2014	11:06:13.6	     0.594	     1.003
01/10/2014	11:06:14.1	     0.594	     1.006
01/10/2014	11:06:14.6	     0.594	     1.003
01/10/2014	11:06:15.1	     0.594	     1.002
01/10/2014	11:06:15.6	     0.594	     1.002
01/10/2014	11:06:16.1	     0.594	     1.010
01/10/2014	11:06:16.6	     0.594	     1.005
01/10/2014	11:06:17.1	     0.594	     1.005
01/10/2014	11:06:17.6	     0.594	     1.008
01/10/2014	11:06:18.1	     0.594	     1.007
01/10/2014	11:06:18.6	     0.594	     1.014
01/10/2014	11:06:19.1	     0.594	     1.014
01/10/2014	11:06:19.6	     0.594	     1.016
01/10/2014	11:06:20.1	     0.594	     1.019
01/10/2014	11:06:20.6	     0.594	     1.018
01/10/2014	11:06:21.1	     0.594	     1.013
01/10/2014	11:06:21.6	     0.594	     1.020
01/10/2014	11:06:22.1	     0.594	     1.020
01/10/2014	11:06:22.6	     0.594	     1.013
01/10/2014	11:06:23.1	     0.594	     1.017
01/10/2014	11:06:23.6	     0.594	     1.022
01/10/2014	11:06:24.1	     0.594	     1.018
01/10/2014	11:06:24.6	     0.594	     1.022
01/10/2014	11:06:25.1	     0.594	     1.022
01/10/2014	11:06:25.6	     0.594	     1.023
01/10/2014	11:06:26.1	     0.594	     1.025
01/10/2014	11:06:26.6	     0.594	     1.022
01/10/2014	11:06:27.1	     0.594	     1.025
01/10/2014	11:06:27.6	     0.594	     1.028
01/10/2014	11:06:28.1	     0.594	     1.029
01/10/2014	11:06:28.6	     0.594	     1.026
01/10/2014	11:06:29.1	     0.594	     1.025
01/10/2014	11:06:29.6	     0.594	     1.024
01/10/2014	11:06:30.1	     0.594	     1.018
01/10/2014	11:06:30.6	     0.594	     1.020
01/10/2014	11:06:31.1	     0.594	     1.022
01/10/2014	11:06:31.6	     0.594	     1.022
01/10/2014	11:06:32.1	     0.594	     1.023
01/10/2014	11:06:32.6	     0.594	     1.026
01/10/2014	11:06:33.1	     0.594	     1.026
01/10/2014	11:06:33.6	     0.594	     1.026
01/10/2014	11:06:34.1	     0.594	     1.025
01/10/2014	11:06:34.6	     0.594	     1.025
01/10/2014	11:06:35.1	     0.594	     1.025
01/10/2014	11:06:35.6	     0.594	     1.023
01/10/2014	11:06:36.1	     0.594	     1.025
01/10/2014	11:06:36.6	     0.594	     1.025
01/10/2014	11:06:37.1	     0.595	     1.025
01/10/2014	11:06:37.6	     0.595	     1.026
01/10/2014	11:06:38.1	     0.595	     1.025
01/10/2014	11:06:38.6	     0.595	     1.025
01/10/2014	11:06:39.1	     0.595	     1.025
01/10/2014	11:06:39.6	     0.595	     1.026
01/10/2014	11:06:40.1	     0.595	     1.027
01/10/2014	11:06:40.6	     0.595	     1.027
01/10/2014	11:06:41.1	     0.595	     1.027
01/10/2014	11:06:41.6	     0.595	     1.027
01/10/2014	11:06:42.1	     0.595	     1.026
01/10/2014	11:06:42.6	     0.595	     1.027
01/10/2014	11:06:43.1	     0.595	     1.027
01/10/2014	11:06:43.6	     0.595	     1.027
01/10/2014	11:06:44.1	     0.595	     1.028
01/10/2014	11:06:44.6	     0.595	     1.027
01/10/2014	11:06:45.1	     0.595	     1.027
01/10/2014	11:06:45.6	     0.595	     1.028
01/10/2014	11:06:46.1	     0.595	     1.028
01/10/2014	11:06:46.6	     0.595	     1.028
01/10/2014	11:06:47.1	     0.595	     1.028
01/10/2014	11:06:47.6	     0.595	     1.028
01/10/2014	11:06:48.1	     0.595	     1.028
01/10/2014	11:06:48.6	     0.595	     1.028
01/10/2014	11:06:49.1	     0.595	     1.028
01/10/2014	11:06:49.6	     0.595	     1.028
01/10/2014	11:06:50.1	     0.595	     1.029
01/10/2014	11:06:50.6	     0.595	     1.029
01/10/2014	11:06:51.1	     0.595	     1.029
01/10/2014	11:06:51.6	     0.595	     1.029
01/10/2014	11:06:52.1	     0.595	     1.029
01/10/2014	11:06:52.6	     0.595	     1.030
01/10/2014	11:06:53.1	     0.595	     1.028
01/10/2014	11:06:53.6	     0.595	     1.029
01/10/2014	11:06:54.1	     0.595	     1.030
01/10/2014	11:06:54.6	     0.595	     1.029
01/10/2014	11:06:55.1	     0.595	     1.030
01/10/2014	11:06:55.6	     0.596	     1.030
01/10/2014	11:06:56.1	     0.596	     1.030
01/10/2014	11:06:56.6	     0.596	     1.029
01/10/2014	11:06:57.1	     0.596	     1.029
01/10/2014	11:06:57.6	     0.596	     1.029
01/10/2014	11:06:58.1	     0.596	     1.030
01/10/2014	11:06:58.6	     0.596	     1.030
01/10/2014	11:06:59.1	     0.596	     1.029
01/10/2014	11:06:59.6	     0.596	     1.029
01/10/2014	11:07:00.1	     0.596	     1.030
01/10/2014	11:07:00.6	     0.596	     1.030
01/10/2014	11:07:01.1	     0.596	     1.030
01/10/2014	11:07:01.6	     0.596	     1.030
01/10/2014	11:07:02.1	     0.596	     1.029
01/10/2014	11:07:02.6	     0.596	     1.029
01/10/2014	11:07:03.1	     0.596	     1.030
01/10/2014	11:07:03.6	     0.596	     1.030
01/10/2014	11:07:04.1	     0.596	     1.030
01/10/2014	11:07:04.6	     0.596	     1.031
01/10/2014	11:07:05.1	     0.596	     1.031
01/10/2014	11:07:05.6	     0.596	     1.031
01/10/2014	11:07:06.1	     0.596	     1.031
01/10/2014	11:07:06.6	     0.596	     1.032
01/10/2014	11:07:07.1	     0.596	     1.029
01/10/2014	11:07:07.6	     0.596	     1.031
01/10/2014	11:07:08.1	     0.597	     1.031
01/10/2014	11:07:08.6	     0.597	     1.029
01/10/2014	11:07:09.1	     0.597	     1.032
01/10/2014	11:07:09.6	     0.597	     1.032
01/10/2014	11:07:10.1	     0.597	     1.029
01/10/2014	11:07:10.6	     0.597	     1.031
01/10/2014	11:07:11.1	     0.597	     1.031
01/10/2014	11:07:11.6	     0.597	     1.032
01/10/2014	11:07:12.1	     0.597	     1.031
01/10/2014	11:07:12.6	     0.597	     1.031
01/10/2014	11:07:13.1	     0.597	     1.032
01/10/2014	11:07:13.6	     0.597	     1.032
01/10/2014	11:07:14.1	     0.597	     1.032
01/10/2014	11:07:14.6	     0.597	     1.033
01/10/2014	11:07:15.1	     0.597	     1.033
01/10/2014	11:07:15.6	     0.597	     1.034
01/10/2014	11:07:16.1	     0.597	     1.033
01/10/2014	11:07:16.6	     0.597	     1.034
01/10/2014	11:07:17.1	     0.597	     1.035
01/10/2014	11:07:17.6	     0.597	     1.040
01/10/2014	11:07:18.1	     0.597	     1.041
01/10/2014	11:07:18.6	     0.597	     1.045
01/10/2014	11:07:19.1	     0.597	     1.060
01/10/2014	11:07:19.6	     0.598	     1.073
01/10/2014	11:07:20.1	     0.598	     1.084
01/10/2014	11:07:20.6	     0.598	     1.088
01/10/2014	11:07:21.1	     0.598	     1.097
01/10/2014	11:07:21.6	     0.598	     1.104
01/10/2014	11:07:22.1	     0.598	     1.175
01/10/2014	11:07:22.6	     0.598	     1.272
01/10/2014	11:07:23.1	     0.598	     1.353
01/10/2014	11:07:23.6	     0.598	     1.357
01/10/2014	11:07:24.1	     0.598	     1.339
01/10/2014	11:07:24.6	     0.598	     1.312
01/10/2014	11:07:25.1	     0.599	     1.306
01/10/2014	11:07:25.6	     0.599	     1.296
01/10/2014	11:07:26.1	     0.599	     1.294
01/10/2014	11:07:26.6	     0.599	     1.289
01/10/2014	11:07:27.1	     0.599	     1.281
01/10/2014	11:07:27.6	     0.600	     1.272
01/10/2014	11:07:28.1	     0.600	     1.279
01/10/2014	11:07:28.6	     0.600	     1.289
01/10/2014	11:07:29.1	     0.600	     1.297
01/10/2014	11:07:29.6	     0.600	     1.295
01/10/2014	11:07:30.1	     0.600	     1.308
01/10/2014	11:07:30.6	     0.600	     1.301
01/10/2014	11:07:31.1	     0.600	     1.304
01/10/2014	11:07:31.6	     0.601	     1.301
01/10/2014	11:07:32.1	     0.601	     1.295
01/10/2014	11:07:32.6	     0.601	     1.286
01/10/2014	11:07:33.1	     0.601	     1.284
01/10/2014	11:07:33.6	     0.601	     1.274
01/10/2014	11:07:34.1	     0.601	     1.266
01/10/2014	11:07:34.6	     0.601	     1.263
01/10/2014	11:07:35.1	     0.602	     1.257
01/10/2014	11:07:35.6	     0.602	     1.252
01/10/2014	11:07:36.1	     0.602	     1.246
01/10/2014	11:07:36.6	     0.602	     1.242
01/10/2014	11:07:37.1	     0.602	     1.237
01/10/2014	11:07:37.6	     0.602	     1.234
01/10/2014	11:07:38.1	     0.602	     1.233
01/10/2014	11:07:38.6	     0.602	     1.227
01/10/2014	11:07:39.1	     0.602	     1.224
01/10/2014	11:07:39.6	     0.603	     1.225
01/10/2014	11:07:40.1	     0.603	     1.220
01/10/2014	11:07:40.6	     0.603	     1.218
01/10/2014	11:07:41.1	     0.603	     1.217
01/10/2014	11:07:41.6	     0.603	     1.214
01/10/2014	11:07:42.1	     0.603	     1.208
01/10/2014	11:07:42.6	     0.603	     1.204
01/10/2014	11:07:43.1	     0.603	     1.198
01/10/2014	11:07:43.6	     0.603	     1.196
01/10/2014	11:07:44.1	     0.603	     1.195
01/10/2014	11:07:44.6	     0.603	     1.192
01/10/2014	11:07:45.1	     0.604	     1.188
01/10/2014	11:07:45.6	     0.604	     1.184
01/10/2014	11:07:46.1	     0.604	     1.179
01/10/2014	11:07:46.6	     0.604	     1.181
01/10/2014	11:07:47.1	     0.604	     1.179
01/10/2014	11:07:47.6	     0.604	     1.176
01/10/2014	11:07:48.1	     0.604	     1.175
01/10/2014	11:07:48.6	     0.604	     1.174
01/10/2014	11:07:49.1	     0.604	     1.172
01/10/2014	11:07:49.6	     0.604	     1.171
01/10/2014	11:07:50.1	     0.604	     1.167
01/10/2014	11:07:50.6	     0.604	     1.167
01/10/2014	11:07:51.1	     0.604	     1.164
01/10/2014	11:07:51.6	     0.605	     1.163
01/10/2014	11:07:52.1	     0.605	     1.161
01/10/2014	11:07:52.6	     0.605	     1.160
01/10/2014	11:07:53.1	     0.605	     1.158
01/10/2014	11:07:53.6	     0.605	     1.156
01/10/2014	11:07:54.1	     0.605	     1.154
01/10/2014	11:07:54.6	     0.605	     1.154
01/10/2014	11:07:55.1	     0.605	     1.154
01/10/2014	11:07:55.6	     0.605	     1.153
01/10/2014	11:07:56.1	     0.605	     1.151
01/10/2014	11:07:56.6	     0.605	     1.150
01/10/2014	11:07:57.1	     0.605	     1.147
01/10/2014	11:07:57.6	     0.605	     1.145
01/10/2014	11:07:58.1	     0.605	     1.144
01/10/2014	11:07:58.6	     0.605	     1.143
01/10/2014	11:07:59.1	     0.605	     1.142
01/10/2014	11:07:59.6	     0.605	     1.141
01/10/2014	11:08:00.1	     0.605	     1.140
01/10/2014	11:08:00.6	     0.605	     1.140
01/10/2014	11:08:01.1	     0.605	     1.139
01/10/2014	11:08:01.6	     0.605	     1.138
01/10/2014	11:08:02.1	     0.605	     1.136
01/10/2014	11:08:02.6	     0.605	     1.133
01/10/2014	11:08:03.1	     0.605	     1.132
01/10/2014	11:08:03.6	     0.605	     1.132
01/10/2014	11:08:04.1	     0.605	     1.132
01/10/2014	11:08:04.6	     0.605	     1.128
01/10/2014	11:08:05.1	     0.605	     1.131
01/10/2014	11:08:05.6	     0.605	     1.128
01/10/2014	11:08:06.1	     0.605	     1.127
01/10/2014	11:08:06.6	     0.605	     1.125
01/10/2014	11:08:07.1	     0.605	     1.125
01/10/2014	11:08:07.6	     0.605	     1.125
01/10/2014	11:08:08.1	     0.605	     1.125
01/10/2014	11:08:08.6	     0.605	     1.124
01/10/2014	11:08:09.1	     0.606	     1.121
01/10/2014	11:08:09.6	     0.606	     1.122
01/10/2014	11:08:10.1	     0.606	     1.122
01/10/2014	11:08:10.6	     0.606	     1.122
01/10/2014	11:08:11.1	     0.606	     1.122
01/10/2014	11:08:11.6	     0.606	     1.120
01/10/2014	11:08:12.1	     0.606	     1.120
01/10/2014	11:08:12.6	     0.606	     1.119
01/10/2014	11:08:13.1	     0.606	     1.116
01/10/2014	11:08:13.6	     0.606	     1.116
01/10/2014	11:08:14.1	     0.606	     1.116
01/10/2014	11:08:14.6	     0.606	     1.115
01/10/2014	11:08:15.1	     0.606	     1.112
01/10/2014	11:08:15.6	     0.606	     1.112
01/10/2014	11:08:16.1	     0.606	     1.112
01/10/2014	11:08:16.6	     0.606	     1.112
01/10/2014	11:08:17.1	     0.606	     1.112
01/10/2014	11:08:17.6	     0.606	     1.109
01/10/2014	11:08:18.1	     0.606	     1.109
01/10/2014	11:08:18.6	     0.606	     1.109
01/10/2014	11:08:19.1	     0.606	     1.109
01/10/2014	11:08:19.6	     0.606	     1.109
01/10/2014	11:08:20.1	     0.606	     1.108
01/10/2014	11:08:20.6	     0.606	     1.108
01/10/2014	11:08:21.1	     0.606	     1.107
01/10/2014	11:08:21.6	     0.606	     1.107
01/10/2014	11:08:22.1	     0.606	     1.107
01/10/2014	11:08:22.6	     0.606	     1.108
01/10/2014	11:08:23.1	     0.606	     1.107
01/10/2014	11:08:23.6	     0.606	     1.105
01/10/2014	11:08:24.1	     0.606	     1.105
01/10/2014	11:08:24.6	     0.606	     1.102
01/10/2014	11:08:25.1	     0.606	     1.101
01/10/2014	11:08:25.6	     0.606	     1.098
01/10/2014	11:08:26.1	     0.606	     1.100
01/10/2014	11:08:26.6	     0.606	     1.101
01/10/2014	11:08:27.1	     0.606	     1.101
01/10/2014	11:08:27.6	     0.606	     1.101
01/10/2014	11:08:28.1	     0.606	     1.100
01/10/2014	11:08:28.6	     0.606	     1.101
01/10/2014	11:08:29.1	     0.606	     1.099
01/10/2014	11:08:29.6	     0.606	     1.099
01/10/2014	11:08:30.1	     0.606	     1.098
01/10/2014	11:08:30.6	     0.606	     1.097
01/10/2014	11:08:31.1	     0.606	     1.097
01/10/2014	11:08:31.6	     0.606	     1.096
01/10/2014	11:08:32.1	     0.606	     1.096
01/10/2014	11:08:32.6	     0.606	     1.096
01/10/2014	11:08:33.1	     0.606	     1.096
01/10/2014	11:08:33.6	     0.606	     1.095
01/10/2014	11:08:34.1	     0.606	     1.094
01/10/2014	11:08:34.6	     0.606	     1.092
01/10/2014	11:08:35.1	     0.606	     1.092
01/10/2014	11:08:35.6	     0.606	     1.092
01/10/2014	11:08:36.1	     0.606	     1.092
01/10/2014	11:08:36.6	     0.606	     1.091
01/10/2014	11:08:37.1	     0.606	     1.091
01/10/2014	11:08:37.6	     0.606	     1.091
01/10/2014	11:08:38.1	     0.606	     1.091
01/10/2014	11:08:38.6	     0.606	     1.091
01/10/2014	11:08:39.1	     0.606	     1.092
01/10/2014	11:08:39.6	     0.606	     1.091
01/10/2014	11:08:40.1	     0.606	     1.091
01/10/2014	11:08:40.6	     0.606	     1.090
01/10/2014	11:08:41.1	     0.606	     1.090
01/10/2014	11:08:41.6	     0.606	     1.089
01/10/2014	11:08:42.1	     0.606	     1.090
01/10/2014	11:08:42.6	     0.606	     1.089
01/10/2014	11:08:43.1	     0.606	     1.087
01/10/2014	11:08:43.6	     0.606	     1.087
01/10/2014	11:08:44.1	     0.606	     1.084
01/10/2014	11:08:44.6	     0.606	     1.084
01/10/2014	11:08:45.1	     0.606	     1.084
01/10/2014	11:08:45.6	     0.606	     1.084
01/10/2014	11:08:46.1	     0.606	     1.085
01/10/2014	11:08:46.6	     0.606	     1.084
01/10/2014	11:08:47.1	     0.606	     1.085
01/10/2014	11:08:47.6	     0.606	     1.084
01/10/2014	11:08:48.1	     0.606	     1.085
01/10/2014	11:08:48.6	     0.606	     1.084
01/10/2014	11:08:49.1	     0.606	     1.083
01/10/2014	11:08:49.6	     0.606	     1.083
01/10/2014	11:08:50.1	     0.607	     1.083
01/10/2014	11:08:50.6	     0.607	     1.083
01/10/2014	11:08:51.1	     0.607	     1.082
01/10/2014	11:08:51.6	     0.606	     1.082
01/10/2014	11:08:52.1	     0.606	     1.082
01/10/2014	11:08:52.6	     0.606	     1.081
01/10/2014	11:08:53.1	     0.606	     1.081
01/10/2014	11:08:53.6	     0.606	     1.081
01/10/2014	11:08:54.1	     0.606	     1.081
01/10/2014	11:08:54.6	     0.606	     1.081
01/10/2014	11:08:55.1	     0.606	     1.081
01/10/2014	11:08:55.6	     0.606	     1.080
01/10/2014	11:08:56.1	     0.606	     1.079
01/10/2014	11:08:56.6	     0.606	     1.079
01/10/2014	11:08:57.1	     0.606	     1.079
01/10/2014	11:08:57.6	     0.606	     1.078
01/10/2014	11:08:58.1	     0.606	     1.077
01/10/2014	11:08:58.6	     0.606	     1.077
01/10/2014	11:08:59.1	     0.606	     1.077
01/10/2014	11:08:59.6	     0.606	     1.077
01/10/2014	11:09:00.1	     0.606	     1.077
01/10/2014	11:09:00.6	     0.606	     1.078
01/10/2014	11:09:01.1	     0.606	     1.077
01/10/2014	11:09:01.6	     0.606	     1.077
01/10/2014	11:09:02.1	     0.606	     1.077
01/10/2014	11:09:02.6	     0.606	     1.076
01/10/2014	11:09:03.1	     0.606	     1.075
01/10/2014	11:09:03.6	     0.606	     1.075
01/10/2014	11:09:04.1	     0.606	     1.075
01/10/2014	11:09:04.6	     0.606	     1.075
01/10/2014	11:09:05.1	     0.606	     1.074
01/10/2014	11:09:05.6	     0.606	     1.075
01/10/2014	11:09:06.1	     0.606	     1.074
01/10/2014	11:09:06.6	     0.606	     1.074
01/10/2014	11:09:07.1	     0.606	     1.074
01/10/2014	11:09:07.6	     0.606	     1.073
01/10/2014	11:09:08.1	     0.607	     1.073
01/10/2014	11:09:08.6	     0.607	     1.073
01/10/2014	11:09:09.1	     0.607	     1.073
01/10/2014	11:09:09.6	     0.607	     1.073
01/10/2014	11:09:10.1	     0.607	     1.072
01/10/2014	11:09:10.6	     0.607	     1.073
01/10/2014	11:09:11.1	     0.607	     1.072
01/10/2014	11:09:11.6	     0.607	     1.073
01/10/2014	11:09:12.1	     0.607	     1.073
01/10/2014	11:09:12.6	     0.607	     1.071
01/10/2014	11:09:13.1	     0.607	     1.067
01/10/2014	11:09:13.6	     0.607	     1.069
01/10/2014	11:09:14.1	     0.607	     1.068
01/10/2014	11:09:14.6	     0.607	     1.069
01/10/2014	11:09:15.1	     0.606	     1.069
01/10/2014	11:09:15.6	     0.606	     1.069
01/10/2014	11:09:16.1	     0.606	     1.068
01/10/2014	11:09:16.6	     0.606	     1.069
01/10/2014	11:09:17.1	     0.606	     1.069
01/10/2014	11:09:17.6	     0.606	     1.069
01/10/2014	11:09:18.1	     0.606	     1.069
01/10/2014	11:09:18.6	     0.606	     1.070
01/10/2014	11:09:19.1	     0.606	     1.068
01/10/2014	11:09:19.6	     0.606	     1.068
01/10/2014	11:09:20.1	     0.606	     1.069
01/10/2014	11:09:20.6	     0.606	     1.068
01/10/2014	11:09:21.1	     0.606	     1.068
01/10/2014	11:09:21.6	     0.606	     1.068
01/10/2014	11:09:22.1	     0.606	     1.068
01/10/2014	11:09:22.6	     0.606	     1.067
01/10/2014	11:09:23.1	     0.606	     1.064
01/10/2014	11:09:23.6	     0.606	     1.065
01/10/2014	11:09:24.1	     0.606	     1.066
01/10/2014	11:09:24.6	     0.606	     1.066
01/10/2014	11:09:25.1	     0.606	     1.066
01/10/2014	11:09:25.6	     0.606	     1.066
01/10/2014	11:09:26.1	     0.606	     1.065
01/10/2014	11:09:26.6	     0.606	     1.063
01/10/2014	11:09:27.1	     0.606	     1.063
01/10/2014	11:09:27.6	     0.606	     1.064
01/10/2014	11:09:28.1	     0.606	     1.064
01/10/2014	11:09:28.6	     0.606	     1.064
01/10/2014	11:09:29.1	     0.606	     1.064
01/10/2014	11:09:29.6	     0.607	     1.065
01/10/2014	11:09:30.1	     0.607	     1.065
01/10/2014	11:09:30.6	     0.607	     1.064
01/10/2014	11:09:31.1	     0.607	     1.065
01/10/2014	11:09:31.6	     0.607	     1.064
01/10/2014	11:09:32.1	     0.607	     1.063
01/10/2014	11:09:32.6	     0.607	     1.062
01/10/2014	11:09:33.1	     0.607	     1.063
01/10/2014	11:09:33.6	     0.607	     1.063
01/10/2014	11:09:34.1	     0.607	     1.063
01/10/2014	11:09:34.6	     0.607	     1.063
01/10/2014	11:09:35.1	     0.607	     1.063
01/10/2014	11:09:35.6	     0.607	     1.062
01/10/2014	11:09:36.1	     0.607	     1.063
01/10/2014	11:09:36.6	     0.607	     1.062
01/10/2014	11:09:37.1	     0.607	     1.062
01/10/2014	11:09:37.6	     0.607	     1.061
01/10/2014	11:09:38.1	     0.607	     1.061
01/10/2014	11:09:38.6	     0.607	     1.061
01/10/2014	11:09:39.1	     0.607	     1.062
01/10/2014	11:09:39.6	     0.607	     1.061
01/10/2014	11:09:40.1	     0.607	     1.061
01/10/2014	11:09:40.6	     0.607	     1.059
01/10/2014	11:09:41.1	     0.607	     1.059
01/10/2014	11:09:41.6	     0.607	     1.060
01/10/2014	11:09:42.1	     0.607	     1.060
01/10/2014	11:09:42.6	     0.607	     1.059
01/10/2014	11:09:43.1	     0.607	     1.059
01/10/2014	11:09:43.6	     0.607	     1.060
01/10/2014	11:09:44.1	     0.607	     1.060
01/10/2014	11:09:44.6	     0.607	     1.060
01/10/2014	11:09:45.1	     0.607	     1.059
01/10/2014	11:09:45.6	     0.607	     1.060
01/10/2014	11:09:46.1	     0.607	     1.058
01/10/2014	11:09:46.6	     0.607	     1.059
01/10/2014	11:09:47.1	     0.607	     1.059
01/10/2014	11:09:47.6	     0.607	     1.059
01/10/2014	11:09:48.1	     0.607	     1.059
01/10/2014	11:09:48.6	     0.607	     1.059
01/10/2014	11:09:49.1	     0.607	     1.059
01/10/2014	11:09:49.6	     0.607	     1.059
01/10/2014	11:09:50.1	     0.606	     1.058
01/10/2014	11:09:50.6	     0.606	     1.059
01/10/2014	11:09:51.1	     0.606	     1.059
01/10/2014	11:09:51.6	     0.607	     1.059
01/10/2014	11:09:52.1	     0.607	     1.058
01/10/2014	11:09:52.6	     0.607	     1.058
01/10/2014	11:09:53.1	     0.606	     1.057
01/10/2014	11:09:53.6	     0.606	     1.058
01/10/2014	11:09:54.1	     0.607	     1.057
01/10/2014	11:09:54.6	     0.607	     1.057
01/10/2014	11:09:55.1	     0.607	     1.057
01/10/2014	11:09:55.6	     0.607	     1.056
01/10/2014	11:09:56.1	     0.607	     1.055
01/10/2014	11:09:56.6	     0.607	     1.055
01/10/2014	11:09:57.1	     0.607	     1.056
01/10/2014	11:09:57.6	     0.607	     1.056
01/10/2014	11:09:58.1	     0.607	     1.056
01/10/2014	11:09:58.6	     0.607	     1.056
01/10/2014	11:09:59.1	     0.607	     1.056
01/10/2014	11:09:59.6	     0.607	     1.054
01/10/2014	11:10:00.1	     0.607	     1.055
01/10/2014	11:10:00.6	     0.607	     1.055
01/10/2014	11:10:01.1	     0.607	     1.056
01/10/2014	11:10:01.6	     0.607	     1.057
01/10/2014	11:10:02.1	     0.607	     1.056
01/10/2014	11:10:02.6	     0.607	     1.057
01/10/2014	11:10:03.1	     0.607	     1.056
01/10/2014	11:10:03.6	     0.607	     1.056
01/10/2014	11:10:04.1	     0.607	     1.056
01/10/2014	11:10:04.6	     0.607	     1.056
01/10/2014	11:10:05.1	     0.607	     1.056
01/10/2014	11:10:05.6	     0.606	     1.055
01/10/2014	11:10:06.1	     0.606	     1.055
01/10/2014	11:10:06.6	     0.607	     1.054
01/10/2014	11:10:07.1	     0.607	     1.055
01/10/2014	11:10:07.6	     0.607	     1.055
01/10/2014	11:10:08.1	     0.607	     1.054
01/10/2014	11:10:08.6	     0.607	     1.055
01/10/2014	11:10:09.1	     0.607	     1.054
01/10/2014	11:10:09.6	     0.606	     1.053
01/10/2014	11:10:10.1	     0.606	     1.054
01/10/2014	11:10:10.6	     0.606	     1.053
01/10/2014	11:10:11.1	     0.606	     1.053
01/10/2014	11:10:11.6	     0.606	     1.053
01/10/2014	11:10:12.1	     0.606	     1.054
01/10/2014	11:10:12.6	     0.606	     1.053
01/10/2014	11:10:13.1	     0.606	     1.053
01/10/2014	11:10:13.6	     0.606	     1.051
01/10/2014	11:10:14.1	     0.606	     1.051
01/10/2014	11:10:14.6	     0.606	     1.051
01/10/2014	11:10:15.1	     0.606	     1.052
01/10/2014	11:10:15.6	     0.606	     1.052
01/10/2014	11:10:16.1	     0.606	     1.052
01/10/2014	11:10:16.6	     0.606	     1.051
01/10/2014	11:10:17.1	     0.606	     1.052
01/10/2014	11:10:17.6	     0.606	     1.052
01/10/2014	11:10:18.1	     0.606	     1.051
01/10/2014	11:10:18.6	     0.606	     1.050
01/10/2014	11:10:19.1	     0.606	     1.051
01/10/2014	11:10:19.6	     0.606	     1.050
01/10/2014	11:10:20.1	     0.606	     1.051
01/10/2014	11:10:20.6	     0.606	     1.050
01/10/2014	11:10:21.1	     0.606	     1.050
01/10/2014	11:10:21.6	     0.606	     1.049
01/10/2014	11:10:22.1	     0.606	     1.050
01/10/2014	11:10:22.6	     0.606	     1.050
01/10/2014	11:10:23.1	     0.606	     1.049
01/10/2014	11:10:23.6	     0.606	     1.050
01/10/2014	11:10:24.1	     0.606	     1.051
01/10/2014	11:10:24.6	     0.606	     1.051
01/10/2014	11:10:25.1	     0.606	     1.050
01/10/2014	11:10:25.6	     0.606	     1.049
01/10/2014	11:10:26.1	     0.606	     1.049
01/10/2014	11:10:26.6	     0.606	     1.049
01/10/2014	11:10:27.1	     0.606	     1.049
01/10/2014	11:10:27.6	     0.606	     1.049
01/10/2014	11:10:28.1	     0.606	     1.049
01/10/2014	11:10:28.6	     0.606	     1.050
01/10/2014	11:10:29.1	     0.606	     1.050
01/10/2014	11:10:29.6	     0.606	     1.049
01/10/2014	11:10:30.1	     0.606	     1.050
01/10/2014	11:10:30.6	     0.606	     1.049
01/10/2014	11:10:31.1	     0.606	     1.048
01/10/2014	11:10:31.6	     0.606	     1.049
01/10/2014	11:10:32.1	     0.606	     1.049
01/10/2014	11:10:32.6	     0.606	     1.048
01/10/2014	11:10:33.1	     0.606	     1.049
01/10/2014	11:10:33.6	     0.606	     1.048
01/10/2014	11:10:34.1	     0.605	     1.049
01/10/2014	11:10:34.6	     0.605	     1.049
01/10/2014	11:10:35.1	     0.606	     1.049
01/10/2014	11:10:35.6	     0.606	     1.048
01/10/2014	11:10:36.1	     0.606	     1.047
01/10/2014	11:10:36.6	     0.606	     1.047
01/10/2014	11:10:37.1	     0.606	     1.048
01/10/2014	11:10:37.6	     0.606	     1.048
01/10/2014	11:10:38.1	     0.606	     1.047
01/10/2014	11:10:38.6	     0.606	     1.048
01/10/2014	11:10:39.1	     0.606	     1.047
01/10/2014	11:10:39.6	     0.606	     1.047
01/10/2014	11:10:40.1	     0.606	     1.047
01/10/2014	11:10:40.6	     0.606	     1.047
01/10/2014	11:10:41.1	     0.606	     1.048
01/10/2014	11:10:41.6	     0.606	     1.047
01/10/2014	11:10:42.1	     0.606	     1.047
01/10/2014	11:10:42.6	     0.606	     1.047
01/10/2014	11:10:43.1	     0.606	     1.046
01/10/2014	11:10:43.6	     0.606	     1.046
01/10/2014	11:10:44.1	     0.606	     1.045
01/10/2014	11:10:44.6	     0.606	     1.046
01/10/2014	11:10:45.1	     0.606	     1.046
01/10/2014	11:10:45.6	     0.606	     1.046
01/10/2014	11:10:46.1	     0.606	     1.045
01/10/2014	11:10:46.6	     0.606	     1.046
01/10/2014	11:10:47.1	     0.606	     1.046
01/10/2014	11:10:47.6	     0.606	     1.045
01/10/2014	11:10:48.1	     0.606	     1.045
01/10/2014	11:10:48.6	     0.606	     1.045
01/10/2014	11:10:49.1	     0.606	     1.046
01/10/2014	11:10:49.6	     0.606	     1.046
01/10/2014	11:10:50.1	     0.606	     1.046
01/10/2014	11:10:50.6	     0.606	     1.047
01/10/2014	11:10:51.1	     0.606	     1.046
01/10/2014	11:10:51.6	     0.606	     1.045
01/10/2014	11:10:52.1	     0.606	     1.045
01/10/2014	11:10:52.6	     0.606	     1.046
01/10/2014	11:10:53.1	     0.606	     1.046
01/10/2014	11:10:53.6	     0.606	     1.046
01/10/2014	11:10:54.1	     0.607	     1.045
01/10/2014	11:10:54.6	     0.607	     1.045
01/10/2014	11:10:55.1	     0.607	     1.045
01/10/2014	11:10:55.6	     0.606	     1.046
01/10/2014	11:10:56.1	     0.606	     1.045
01/10/2014	11:10:56.6	     0.606	     1.045
01/10/2014	11:10:57.1	     0.606	     1.045
01/10/2014	11:10:57.6	     0.606	     1.044
01/10/2014	11:10:58.1	     0.606	     1.044
01/10/2014	11:10:58.6	     0.606	     1.044
01/10/2014	11:10:59.1	     0.606	     1.044
01/10/2014	11:10:59.6	     0.606	     1.043
01/10/2014	11:11:00.1	     0.606	     1.043
01/10/2014	11:11:00.6	     0.606	     1.043
01/10/2014	11:11:01.1	     0.606	     1.043
01/10/2014	11:11:01.6	     0.606	     1.043
01/10/2014	11:11:02.1	     0.606	     1.043
01/10/2014	11:11:02.6	     0.606	     1.043
01/10/2014	11:11:03.1	     0.606	     1.043
01/10/2014	11:11:03.6	     0.606	     1.043
01/10/2014	11:11:04.1	     0.606	     1.043
01/10/2014	11:11:04.6	     0.606	     1.043
01/10/2014	11:11:05.1	     0.606	     1.043
01/10/2014	11:11:05.6	     0.606	     1.044
01/10/2014	11:11:06.1	     0.606	     1.043
01/10/2014	11:11:06.6	     0.606	     1.043
01/10/2014	11:11:07.1	     0.606	     1.043
01/10/2014	11:11:07.6	     0.606	     1.043
01/10/2014	11:11:08.1	     0.606	     1.042
01/10/2014	11:11:08.6	     0.606	     1.041
01/10/2014	11:11:09.1	     0.606	     1.041
01/10/2014	11:11:09.6	     0.606	     1.041
01/10/2014	11:11:10.1	     0.606	     1.041
01/10/2014	11:11:10.6	     0.606	     1.042
01/10/2014	11:11:11.1	     0.606	     1.041
01/10/2014	11:11:11.6	     0.606	     1.042
01/10/2014	11:11:12.1	     0.606	     1.042
01/10/2014	11:11:12.6	     0.606	     1.041
01/10/2014	11:11:13.1	     0.606	     1.042
01/10/2014	11:11:13.6	     0.606	     1.042
01/10/2014	11:11:14.1	     0.607	     1.042
01/10/2014	11:11:14.6	     0.607	     1.042
01/10/2014	11:11:15.1	     0.607	     1.042
01/10/2014	11:11:15.6	     0.607	     1.041
01/10/2014	11:11:16.1	     0.607	     1.041
01/10/2014	11:11:16.6	     0.607	     1.042
01/10/2014	11:11:17.1	     0.607	     1.041
01/10/2014	11:11:17.6	     0.607	     1.042
01/10/2014	11:11:18.1	     0.607	     1.042
01/10/2014	11:11:18.6	     0.607	     1.042
01/10/2014	11:11:19.1	     0.607	     1.042
01/10/2014	11:11:19.6	     0.606	     1.041
01/10/2014	11:11:20.1	     0.606	     1.042
01/10/2014	11:11:20.6	     0.606	     1.041
01/10/2014	11:11:21.1	     0.606	     1.041
01/10/2014	11:11:21.6	     0.606	     1.040
01/10/2014	11:11:22.1	     0.606	     1.040
01/10/2014	11:11:22.6	     0.606	     1.039
01/10/2014	11:11:23.1	     0.606	     1.040
01/10/2014	11:11:23.6	     0.606	     1.038
01/10/2014	11:11:24.1	     0.607	     1.039
01/10/2014	11:11:24.6	     0.606	     1.039
01/10/2014	11:11:25.1	     0.606	     1.040
01/10/2014	11:11:25.6	     0.606	     1.040
01/10/2014	11:11:26.1	     0.606	     1.039
01/10/2014	11:11:26.6	     0.606	     1.040
01/10/2014	11:11:27.1	     0.606	     1.039
01/10/2014	11:11:27.6	     0.606	     1.039
01/10/2014	11:11:28.1	     0.606	     1.039
01/10/2014	11:11:28.6	     0.606	     1.039
01/10/2014	11:11:29.1	     0.606	     1.039
01/10/2014	11:11:29.6	     0.606	     1.038
01/10/2014	11:11:30.1	     0.606	     1.039
01/10/2014	11:11:30.6	     0.606	     1.039
01/10/2014	11:11:31.1	     0.606	     1.038
01/10/2014	11:11:31.6	     0.606	     1.039
01/10/2014	11:11:32.1	     0.606	     1.038
01/10/2014	11:11:32.6	     0.606	     1.039
01/10/2014	11:11:33.1	     0.606	     1.039
01/10/2014	11:11:33.6	     0.606	     1.039
01/10/2014	11:11:34.1	     0.606	     1.039
01/10/2014	11:11:34.6	     0.606	     1.039
01/10/2014	11:11:35.1	     0.606	     1.038
01/10/2014	11:11:35.6	     0.606	     1.040
01/10/2014	11:11:36.1	     0.606	     1.040
01/10/2014	11:11:36.6	     0.606	     1.040
01/10/2014	11:11:37.1	     0.606	     1.040
01/10/2014	11:11:37.6	     0.606	     1.038
01/10/2014	11:11:38.1	     0.606	     1.039
01/10/2014	11:11:38.6	     0.606	     1.039
01/10/2014	11:11:39.1	     0.606	     1.039
01/10/2014	11:11:39.6	     0.606	     1.038
01/10/2014	11:11:40.1	     0.606	     1.038
01/10/2014	11:11:40.6	     0.606	     1.039
01/10/2014	11:11:41.1	     0.606	     1.039
01/10/2014	11:11:41.6	     0.606	     1.038
01/10/2014	11:11:42.1	     0.606	     1.038
01/10/2014	11:11:42.6	     0.606	     1.038
01/10/2014	11:11:43.1	     0.606	     1.038
01/10/2014	11:11:43.6	     0.606	     1.038
01/10/2014	11:11:44.1	     0.606	     1.038
01/10/2014	11:11:44.6	     0.606	     1.038
01/10/2014	11:11:45.1	     0.606	     1.038
01/10/2014	11:11:45.6	     0.606	     1.037
01/10/2014	11:11:46.1	     0.606	     1.038
01/10/2014	11:11:46.6	     0.606	     1.037
01/10/2014	11:11:47.1	     0.606	     1.037
01/10/2014	11:11:47.6	     0.606	     1.036
01/10/2014	11:11:48.1	     0.606	     1.037
01/10/2014	11:11:48.6	     0.606	     1.037
01/10/2014	11:11:49.1	     0.606	     1.038
01/10/2014	11:11:49.6	     0.606	     1.037
01/10/2014	11:11:50.1	     0.606	     1.038
01/10/2014	11:11:50.6	     0.606	     1.038
01/10/2014	11:11:51.1	     0.606	     1.038
01/10/2014	11:11:51.6	     0.606	     1.038
01/10/2014	11:11:52.1	     0.606	     1.038
01/10/2014	11:11:52.6	     0.606	     1.037
01/10/2014	11:11:53.1	     0.606	     1.037
01/10/2014	11:11:53.6	     0.606	     1.037
01/10/2014	11:11:54.1	     0.606	     1.037
01/10/2014	11:11:54.6	     0.606	     1.037
01/10/2014	11:11:55.1	     0.606	     1.037
01/10/2014	11:11:55.6	     0.606	     1.037
01/10/2014	11:11:56.1	     0.606	     1.036
01/10/2014	11:11:56.6	     0.606	     1.036
01/10/2014	11:11:57.1	     0.606	     1.036
01/10/2014	11:11:57.6	     0.606	     1.036
01/10/2014	11:11:58.1	     0.606	     1.036
01/10/2014	11:11:58.6	     0.606	     1.035
01/10/2014	11:11:59.1	     0.606	     1.036
01/10/2014	11:11:59.6	     0.606	     1.036
01/10/2014	11:12:00.1	     0.606	     1.036
01/10/2014	11:12:00.6	     0.606	     1.036
01/10/2014	11:12:01.1	     0.606	     1.036
01/10/2014	11:12:01.6	     0.606	     1.036
01/10/2014	11:12:02.1	     0.606	     1.036
01/10/2014	11:12:02.6	     0.606	     1.036
01/10/2014	11:12:03.1	     0.606	     1.035
01/10/2014	11:12:03.6	     0.606	     1.036
01/10/2014	11:12:04.1	     0.606	     1.036
01/10/2014	11:12:04.6	     0.606	     1.036
01/10/2014	11:12:05.1	     0.606	     1.036
END DATA