VIRTUALBENCH-LOGGER 2.5 REPORT
NATIONAL INSTRUMENTS
DATE CREATED	13:53:38	01/10/2014

USER	

START COMMENT

END COMMENT

START DATA
Date	Time	AMPS(V)	PYRO(V)
01/10/2014	13:53:42.7	     0.613	     1.109
01/10/2014	13:53:43.2	     0.613	     1.115
01/10/2014	13:53:43.7	     0.613	     1.116
01/10/2014	13:53:44.2	     0.613	     1.115
01/10/2014	13:53:44.7	     0.613	     1.115
01/10/2014	13:53:45.2	     0.612	     1.115
01/10/2014	13:53:45.7	     0.612	     1.114
01/10/2014	13:53:46.2	     0.612	     1.114
01/10/2014	13:53:46.7	     0.612	     1.114
01/10/2014	13:53:47.2	     0.612	     1.114
01/10/2014	13:53:47.7	     0.612	     1.113
01/10/2014	13:53:48.2	     0.612	     1.113
01/10/2014	13:53:48.7	     0.612	     1.113
01/10/2014	13:53:49.2	     0.612	     1.112
01/10/2014	13:53:49.7	     0.613	     1.112
01/10/2014	13:53:50.2	     0.613	     1.112
01/10/2014	13:53:50.7	     0.613	     1.112
01/10/2014	13:53:51.2	     0.613	     1.112
01/10/2014	13:53:51.7	     0.613	     1.111
01/10/2014	13:53:52.2	     0.613	     1.097
01/10/2014	13:53:52.7	     0.613	     0.894
01/10/2014	13:53:53.2	     0.613	     0.778
01/10/2014	13:53:53.7	     0.613	     0.790
01/10/2014	13:53:54.2	     0.613	     0.924
01/10/2014	13:53:54.7	     0.613	     0.971
01/10/2014	13:53:55.2	     0.613	     0.944
01/10/2014	13:53:55.7	     0.613	     0.956
01/10/2014	13:53:56.2	     0.613	     0.964
01/10/2014	13:53:56.7	     0.612	     0.970
01/10/2014	13:53:57.2	     0.612	     0.965
01/10/2014	13:53:57.7	     0.612	     0.955
01/10/2014	13:53:58.2	     0.612	     0.957
01/10/2014	13:53:58.7	     0.612	     0.987
01/10/2014	13:53:59.2	     0.612	     0.954
01/10/2014	13:53:59.7	     0.612	     0.949
01/10/2014	13:54:00.2	     0.612	     0.956
01/10/2014	13:54:00.7	     0.612	     0.952
01/10/2014	13:54:01.2	     0.612	     0.945
01/10/2014	13:54:01.7	     0.612	     0.943
01/10/2014	13:54:02.2	     0.612	     0.932
01/10/2014	13:54:02.7	     0.612	     0.951
01/10/2014	13:54:03.2	     0.612	     0.953
01/10/2014	13:54:03.7	     0.612	     0.951
01/10/2014	13:54:04.2	     0.612	     0.915
01/10/2014	13:54:04.7	     0.612	     0.915
01/10/2014	13:54:05.2	     0.611	     0.919
01/10/2014	13:54:05.7	     0.611	     0.920
01/10/2014	13:54:06.2	     0.611	     0.933
01/10/2014	13:54:06.7	     0.611	     0.940
01/10/2014	13:54:07.2	     0.611	     0.924
01/10/2014	13:54:07.7	     0.611	     0.941
01/10/2014	13:54:08.2	     0.611	     0.951
01/10/2014	13:54:08.7	     0.611	     0.967
01/10/2014	13:54:09.2	     0.611	     0.946
01/10/2014	13:54:09.7	     0.611	     0.931
01/10/2014	13:54:10.2	     0.611	     0.917
01/10/2014	13:54:10.7	     0.611	     0.912
01/10/2014	13:54:11.2	     0.611	     0.920
01/10/2014	13:54:11.7	     0.610	     0.927
01/10/2014	13:54:12.2	     0.609	     0.909
01/10/2014	13:54:12.7	     0.609	     0.922
01/10/2014	13:54:13.2	     0.609	     0.935
01/10/2014	13:54:13.7	     0.609	     0.947
01/10/2014	13:54:14.2	     0.609	     0.915
01/10/2014	13:54:14.7	     0.609	     0.930
01/10/2014	13:54:15.2	     0.609	     0.925
01/10/2014	13:54:15.7	     0.609	     0.906
01/10/2014	13:54:16.2	     0.609	     0.940
01/10/2014	13:54:16.7	     0.609	     0.948
01/10/2014	13:54:17.2	     0.609	     0.930
01/10/2014	13:54:17.7	     0.608	     0.955
01/10/2014	13:54:18.2	     0.608	     0.930
01/10/2014	13:54:18.7	     0.608	     0.889
01/10/2014	13:54:19.2	     0.608	     0.878
01/10/2014	13:54:19.7	     0.608	     0.907
01/10/2014	13:54:20.2	     0.608	     0.918
01/10/2014	13:54:20.7	     0.608	     0.934
01/10/2014	13:54:21.2	     0.608	     0.930
01/10/2014	13:54:21.7	     0.607	     0.935
01/10/2014	13:54:22.2	     0.607	     0.953
01/10/2014	13:54:22.7	     0.607	     0.953
01/10/2014	13:54:23.2	     0.607	     0.958
01/10/2014	13:54:23.7	     0.607	     0.955
01/10/2014	13:54:24.2	     0.607	     0.957
01/10/2014	13:54:24.7	     0.607	     0.987
01/10/2014	13:54:25.2	     0.607	     0.966
01/10/2014	13:54:25.7	     0.606	     0.953
01/10/2014	13:54:26.2	     0.606	     0.948
01/10/2014	13:54:26.7	     0.606	     0.936
01/10/2014	13:54:27.2	     0.606	     0.930
01/10/2014	13:54:27.7	     0.606	     0.942
01/10/2014	13:54:28.2	     0.606	     0.935
01/10/2014	13:54:28.7	     0.606	     0.949
01/10/2014	13:54:29.2	     0.606	     0.943
01/10/2014	13:54:29.7	     0.606	     0.932
01/10/2014	13:54:30.2	     0.606	     0.932
01/10/2014	13:54:30.7	     0.606	     0.960
01/10/2014	13:54:31.2	     0.606	     0.992
01/10/2014	13:54:31.7	     0.606	     0.974
01/10/2014	13:54:32.2	     0.606	     0.970
01/10/2014	13:54:32.7	     0.606	     0.965
01/10/2014	13:54:33.2	     0.606	     0.963
01/10/2014	13:54:33.7	     0.606	     0.967
01/10/2014	13:54:34.2	     0.606	     0.971
01/10/2014	13:54:34.7	     0.606	     0.960
01/10/2014	13:54:35.2	     0.606	     0.974
01/10/2014	13:54:35.7	     0.606	     0.958
01/10/2014	13:54:36.2	     0.606	     0.957
01/10/2014	13:54:36.7	     0.606	     0.954
01/10/2014	13:54:37.2	     0.606	     0.960
01/10/2014	13:54:37.7	     0.606	     0.960
01/10/2014	13:54:38.2	     0.607	     0.965
01/10/2014	13:54:38.7	     0.607	     0.974
01/10/2014	13:54:39.2	     0.607	     0.966
01/10/2014	13:54:39.7	     0.607	     0.960
01/10/2014	13:54:40.2	     0.607	     0.961
01/10/2014	13:54:40.7	     0.607	     0.967
01/10/2014	13:54:41.2	     0.607	     0.954
01/10/2014	13:54:41.7	     0.607	     0.959
01/10/2014	13:54:42.2	     0.607	     0.985
01/10/2014	13:54:42.7	     0.607	     0.969
01/10/2014	13:54:43.2	     0.607	     0.971
01/10/2014	13:54:43.7	     0.606	     0.970
01/10/2014	13:54:44.2	     0.606	     0.970
01/10/2014	13:54:44.7	     0.606	     0.967
01/10/2014	13:54:45.2	     0.606	     0.964
01/10/2014	13:54:45.7	     0.606	     0.978
01/10/2014	13:54:46.2	     0.606	     0.968
01/10/2014	13:54:46.7	     0.607	     0.966
01/10/2014	13:54:47.2	     0.607	     0.970
01/10/2014	13:54:47.7	     0.607	     0.976
01/10/2014	13:54:48.2	     0.607	     0.965
01/10/2014	13:54:48.7	     0.607	     0.973
01/10/2014	13:54:49.2	     0.607	     0.971
01/10/2014	13:54:49.7	     0.607	     0.974
01/10/2014	13:54:50.2	     0.607	     0.976
01/10/2014	13:54:50.7	     0.607	     0.977
01/10/2014	13:54:51.2	     0.607	     0.974
01/10/2014	13:54:51.7	     0.607	     0.977
01/10/2014	13:54:52.2	     0.607	     0.980
01/10/2014	13:54:52.7	     0.607	     0.983
01/10/2014	13:54:53.2	     0.607	     0.973
01/10/2014	13:54:53.7	     0.607	     0.975
01/10/2014	13:54:54.2	     0.607	     0.979
01/10/2014	13:54:54.7	     0.607	     0.980
01/10/2014	13:54:55.2	     0.607	     0.980
01/10/2014	13:54:55.7	     0.607	     0.981
01/10/2014	13:54:56.2	     0.607	     0.981
01/10/2014	13:54:56.7	     0.607	     0.985
01/10/2014	13:54:57.2	     0.607	     0.984
01/10/2014	13:54:57.7	     0.607	     0.989
01/10/2014	13:54:58.2	     0.607	     0.984
01/10/2014	13:54:58.7	     0.607	     0.988
01/10/2014	13:54:59.2	     0.607	     0.989
01/10/2014	13:54:59.7	     0.607	     0.987
01/10/2014	13:55:00.2	     0.607	     0.988
01/10/2014	13:55:00.7	     0.607	     0.992
01/10/2014	13:55:01.2	     0.607	     0.996
01/10/2014	13:55:01.7	     0.607	     0.995
01/10/2014	13:55:02.2	     0.607	     0.995
01/10/2014	13:55:02.7	     0.607	     0.995
01/10/2014	13:55:03.2	     0.607	     0.997
01/10/2014	13:55:03.7	     0.607	     0.997
01/10/2014	13:55:04.2	     0.607	     1.002
01/10/2014	13:55:04.7	     0.607	     1.001
01/10/2014	13:55:05.2	     0.607	     1.006
01/10/2014	13:55:05.7	     0.607	     1.005
01/10/2014	13:55:06.2	     0.607	     1.007
01/10/2014	13:55:06.7	     0.607	     1.006
01/10/2014	13:55:07.2	     0.607	     1.004
01/10/2014	13:55:07.7	     0.607	     1.002
01/10/2014	13:55:08.2	     0.607	     1.008
01/10/2014	13:55:08.7	     0.607	     1.009
01/10/2014	13:55:09.2	     0.607	     1.006
01/10/2014	13:55:09.7	     0.607	     1.006
01/10/2014	13:55:10.2	     0.607	     1.005
01/10/2014	13:55:10.7	     0.607	     1.008
01/10/2014	13:55:11.2	     0.607	     1.007
01/10/2014	13:55:11.7	     0.607	     1.007
01/10/2014	13:55:12.2	     0.607	     1.008
01/10/2014	13:55:12.7	     0.607	     1.008
01/10/2014	13:55:13.2	     0.607	     1.010
01/10/2014	13:55:13.7	     0.607	     1.013
01/10/2014	13:55:14.2	     0.607	     1.011
01/10/2014	13:55:14.7	     0.607	     1.015
01/10/2014	13:55:15.2	     0.607	     1.014
01/10/2014	13:55:15.7	     0.607	     1.015
01/10/2014	13:55:16.2	     0.607	     1.020
01/10/2014	13:55:16.7	     0.607	     1.020
01/10/2014	13:55:17.2	     0.607	     1.019
01/10/2014	13:55:17.7	     0.607	     1.017
01/10/2014	13:55:18.2	     0.607	     1.015
01/10/2014	13:55:18.7	     0.607	     1.013
01/10/2014	13:55:19.2	     0.607	     1.010
01/10/2014	13:55:19.7	     0.607	     1.011
01/10/2014	13:55:20.2	     0.607	     1.013
01/10/2014	13:55:20.7	     0.607	     1.015
01/10/2014	13:55:21.2	     0.607	     1.015
01/10/2014	13:55:21.7	     0.607	     1.013
01/10/2014	13:55:22.2	     0.607	     1.014
01/10/2014	13:55:22.7	     0.607	     1.014
01/10/2014	13:55:23.2	     0.607	     1.016
01/10/2014	13:55:23.7	     0.607	     1.017
01/10/2014	13:55:24.2	     0.607	     1.019
01/10/2014	13:55:24.7	     0.607	     1.017
01/10/2014	13:55:25.2	     0.607	     1.016
01/10/2014	13:55:25.7	     0.607	     1.015
01/10/2014	13:55:26.2	     0.607	     1.016
01/10/2014	13:55:26.7	     0.608	     1.019
01/10/2014	13:55:27.2	     0.608	     1.022
01/10/2014	13:55:27.7	     0.608	     1.022
01/10/2014	13:55:28.2	     0.608	     1.023
01/10/2014	13:55:28.7	     0.608	     1.023
01/10/2014	13:55:29.2	     0.608	     1.023
01/10/2014	13:55:29.7	     0.608	     1.024
01/10/2014	13:55:30.2	     0.608	     1.024
01/10/2014	13:55:30.7	     0.608	     1.023
01/10/2014	13:55:31.2	     0.608	     1.021
01/10/2014	13:55:31.7	     0.608	     1.021
01/10/2014	13:55:32.2	     0.607	     1.022
01/10/2014	13:55:32.7	     0.607	     1.023
01/10/2014	13:55:33.2	     0.607	     1.024
01/10/2014	13:55:33.7	     0.607	     1.023
01/10/2014	13:55:34.2	     0.607	     1.023
01/10/2014	13:55:34.7	     0.607	     1.023
01/10/2014	13:55:35.2	     0.607	     1.023
01/10/2014	13:55:35.7	     0.607	     1.023
01/10/2014	13:55:36.2	     0.607	     1.023
01/10/2014	13:55:36.7	     0.607	     1.024
01/10/2014	13:55:37.2	     0.607	     1.025
01/10/2014	13:55:37.7	     0.607	     1.024
01/10/2014	13:55:38.2	     0.607	     1.026
01/10/2014	13:55:38.7	     0.607	     1.026
01/10/2014	13:55:39.2	     0.608	     1.027
01/10/2014	13:55:39.7	     0.608	     1.027
01/10/2014	13:55:40.2	     0.608	     1.027
01/10/2014	13:55:40.7	     0.608	     1.027
01/10/2014	13:55:41.2	     0.608	     1.027
01/10/2014	13:55:41.7	     0.608	     1.027
01/10/2014	13:55:42.2	     0.608	     1.028
01/10/2014	13:55:42.7	     0.608	     1.028
01/10/2014	13:55:43.2	     0.608	     1.029
01/10/2014	13:55:43.7	     0.608	     1.028
01/10/2014	13:55:44.2	     0.607	     1.028
01/10/2014	13:55:44.7	     0.608	     1.029
01/10/2014	13:55:45.2	     0.608	     1.030
01/10/2014	13:55:45.7	     0.608	     1.029
01/10/2014	13:55:46.2	     0.607	     1.030
01/10/2014	13:55:46.7	     0.607	     1.030
01/10/2014	13:55:47.2	     0.607	     1.029
01/10/2014	13:55:47.7	     0.607	     1.029
01/10/2014	13:55:48.2	     0.607	     1.029
01/10/2014	13:55:48.7	     0.607	     1.029
01/10/2014	13:55:49.2	     0.607	     1.030
01/10/2014	13:55:49.7	     0.607	     1.030
01/10/2014	13:55:50.2	     0.607	     1.030
01/10/2014	13:55:50.7	     0.607	     1.030
01/10/2014	13:55:51.2	     0.607	     1.031
01/10/2014	13:55:51.7	     0.607	     1.031
01/10/2014	13:55:52.2	     0.607	     1.032
01/10/2014	13:55:52.7	     0.607	     1.031
01/10/2014	13:55:53.2	     0.607	     1.032
01/10/2014	13:55:53.7	     0.607	     1.032
01/10/2014	13:55:54.2	     0.607	     1.032
01/10/2014	13:55:54.7	     0.607	     1.032
01/10/2014	13:55:55.2	     0.607	     1.032
01/10/2014	13:55:55.7	     0.607	     1.031
01/10/2014	13:55:56.2	     0.607	     1.032
01/10/2014	13:55:56.7	     0.607	     1.033
01/10/2014	13:55:57.2	     0.607	     1.034
01/10/2014	13:55:57.7	     0.607	     1.033
01/10/2014	13:55:58.2	     0.607	     1.033
01/10/2014	13:55:58.7	     0.607	     1.034
01/10/2014	13:55:59.2	     0.607	     1.035
01/10/2014	13:55:59.7	     0.607	     1.035
01/10/2014	13:56:00.2	     0.607	     1.035
01/10/2014	13:56:00.7	     0.607	     1.035
01/10/2014	13:56:01.2	     0.607	     1.036
01/10/2014	13:56:01.7	     0.607	     1.038
01/10/2014	13:56:02.2	     0.607	     1.041
01/10/2014	13:56:02.7	     0.608	     1.043
01/10/2014	13:56:03.2	     0.608	     1.050
01/10/2014	13:56:03.7	     0.608	     1.056
01/10/2014	13:56:04.2	     0.607	     1.059
01/10/2014	13:56:04.7	     0.607	     1.065
01/10/2014	13:56:05.2	     0.608	     1.068
01/10/2014	13:56:05.7	     0.608	     1.072
01/10/2014	13:56:06.2	     0.608	     1.075
01/10/2014	13:56:06.7	     0.608	     1.079
01/10/2014	13:56:07.2	     0.608	     1.081
01/10/2014	13:56:07.7	     0.608	     1.083
01/10/2014	13:56:08.2	     0.608	     1.090
01/10/2014	13:56:08.7	     0.608	     1.159
01/10/2014	13:56:09.2	     0.608	     1.257
01/10/2014	13:56:09.7	     0.608	     1.304
01/10/2014	13:56:10.2	     0.608	     1.325
01/10/2014	13:56:10.7	     0.608	     1.288
01/10/2014	13:56:11.2	     0.608	     1.309
01/10/2014	13:56:11.7	     0.608	     1.292
01/10/2014	13:56:12.2	     0.608	     1.284
01/10/2014	13:56:12.7	     0.608	     1.260
01/10/2014	13:56:13.2	     0.608	     1.259
01/10/2014	13:56:13.7	     0.608	     1.251
01/10/2014	13:56:14.2	     0.608	     1.255
01/10/2014	13:56:14.7	     0.608	     1.250
01/10/2014	13:56:15.2	     0.608	     1.251
01/10/2014	13:56:15.7	     0.608	     1.255
01/10/2014	13:56:16.2	     0.608	     1.254
01/10/2014	13:56:16.7	     0.608	     1.246
01/10/2014	13:56:17.2	     0.608	     1.246
01/10/2014	13:56:17.7	     0.608	     1.243
01/10/2014	13:56:18.2	     0.608	     1.238
01/10/2014	13:56:18.7	     0.608	     1.226
01/10/2014	13:56:19.2	     0.608	     1.221
01/10/2014	13:56:19.7	     0.608	     1.219
01/10/2014	13:56:20.2	     0.608	     1.221
01/10/2014	13:56:20.7	     0.609	     1.226
01/10/2014	13:56:21.2	     0.609	     1.225
01/10/2014	13:56:21.7	     0.609	     1.226
01/10/2014	13:56:22.2	     0.609	     1.226
01/10/2014	13:56:22.7	     0.609	     1.231
01/10/2014	13:56:23.2	     0.609	     1.232
01/10/2014	13:56:23.7	     0.609	     1.229
01/10/2014	13:56:24.2	     0.609	     1.226
01/10/2014	13:56:24.7	     0.609	     1.225
01/10/2014	13:56:25.2	     0.610	     1.225
01/10/2014	13:56:25.7	     0.610	     1.222
01/10/2014	13:56:26.2	     0.610	     1.218
01/10/2014	13:56:26.7	     0.610	     1.218
01/10/2014	13:56:27.2	     0.610	     1.216
01/10/2014	13:56:27.7	     0.610	     1.213
01/10/2014	13:56:28.2	     0.610	     1.208
01/10/2014	13:56:28.7	     0.611	     1.209
01/10/2014	13:56:29.2	     0.611	     1.206
01/10/2014	13:56:29.7	     0.611	     1.202
01/10/2014	13:56:30.2	     0.611	     1.200
01/10/2014	13:56:30.7	     0.611	     1.199
01/10/2014	13:56:31.2	     0.611	     1.198
01/10/2014	13:56:31.7	     0.611	     1.194
01/10/2014	13:56:32.2	     0.612	     1.192
01/10/2014	13:56:32.7	     0.612	     1.190
01/10/2014	13:56:33.2	     0.612	     1.187
01/10/2014	13:56:33.7	     0.612	     1.182
01/10/2014	13:56:34.2	     0.612	     1.181
01/10/2014	13:56:34.7	     0.612	     1.181
01/10/2014	13:56:35.2	     0.612	     1.177
01/10/2014	13:56:35.7	     0.612	     1.175
01/10/2014	13:56:36.2	     0.613	     1.175
01/10/2014	13:56:36.7	     0.613	     1.173
01/10/2014	13:56:37.2	     0.613	     1.172
01/10/2014	13:56:37.7	     0.613	     1.169
01/10/2014	13:56:38.2	     0.613	     1.168
01/10/2014	13:56:38.7	     0.613	     1.165
01/10/2014	13:56:39.2	     0.613	     1.162
01/10/2014	13:56:39.7	     0.613	     1.161
01/10/2014	13:56:40.2	     0.613	     1.160
01/10/2014	13:56:40.7	     0.613	     1.160
01/10/2014	13:56:41.2	     0.613	     1.159
01/10/2014	13:56:41.7	     0.613	     1.156
01/10/2014	13:56:42.2	     0.613	     1.155
01/10/2014	13:56:42.7	     0.613	     1.152
01/10/2014	13:56:43.2	     0.613	     1.152
01/10/2014	13:56:43.7	     0.613	     1.151
01/10/2014	13:56:44.2	     0.613	     1.152
01/10/2014	13:56:44.7	     0.613	     1.149
01/10/2014	13:56:45.2	     0.613	     1.146
01/10/2014	13:56:45.7	     0.613	     1.147
01/10/2014	13:56:46.2	     0.613	     1.146
01/10/2014	13:56:46.7	     0.613	     1.144
01/10/2014	13:56:47.2	     0.613	     1.141
01/10/2014	13:56:47.7	     0.613	     1.140
01/10/2014	13:56:48.2	     0.613	     1.139
01/10/2014	13:56:48.7	     0.613	     1.137
01/10/2014	13:56:49.2	     0.613	     1.136
01/10/2014	13:56:49.7	     0.613	     1.136
01/10/2014	13:56:50.2	     0.613	     1.136
01/10/2014	13:56:50.7	     0.613	     1.136
01/10/2014	13:56:51.2	     0.613	     1.135
01/10/2014	13:56:51.7	     0.613	     1.134
01/10/2014	13:56:52.2	     0.613	     1.133
01/10/2014	13:56:52.7	     0.613	     1.133
01/10/2014	13:56:53.2	     0.613	     1.131
01/10/2014	13:56:53.7	     0.613	     1.129
01/10/2014	13:56:54.2	     0.613	     1.129
01/10/2014	13:56:54.7	     0.613	     1.129
01/10/2014	13:56:55.2	     0.613	     1.126
01/10/2014	13:56:55.7	     0.613	     1.126
01/10/2014	13:56:56.2	     0.613	     1.125
01/10/2014	13:56:56.7	     0.613	     1.126
01/10/2014	13:56:57.2	     0.613	     1.124
01/10/2014	13:56:57.7	     0.613	     1.124
01/10/2014	13:56:58.2	     0.613	     1.123
01/10/2014	13:56:58.7	     0.613	     1.122
01/10/2014	13:56:59.2	     0.613	     1.123
01/10/2014	13:56:59.7	     0.613	     1.122
01/10/2014	13:57:00.2	     0.613	     1.122
01/10/2014	13:57:00.7	     0.613	     1.121
01/10/2014	13:57:01.2	     0.613	     1.121
01/10/2014	13:57:01.7	     0.613	     1.120
01/10/2014	13:57:02.2	     0.613	     1.119
01/10/2014	13:57:02.7	     0.613	     1.119
01/10/2014	13:57:03.2	     0.613	     1.117
01/10/2014	13:57:03.7	     0.613	     1.115
01/10/2014	13:57:04.2	     0.613	     1.116
01/10/2014	13:57:04.7	     0.613	     1.116
01/10/2014	13:57:05.2	     0.613	     1.115
01/10/2014	13:57:05.7	     0.612	     1.116
01/10/2014	13:57:06.2	     0.612	     1.116
01/10/2014	13:57:06.7	     0.612	     1.115
01/10/2014	13:57:07.2	     0.612	     1.114
01/10/2014	13:57:07.7	     0.612	     1.114
01/10/2014	13:57:08.2	     0.612	     1.113
01/10/2014	13:57:08.7	     0.612	     1.112
01/10/2014	13:57:09.2	     0.612	     1.111
01/10/2014	13:57:09.7	     0.612	     1.111
01/10/2014	13:57:10.2	     0.612	     1.110
01/10/2014	13:57:10.7	     0.612	     1.111
01/10/2014	13:57:11.2	     0.612	     1.109
01/10/2014	13:57:11.7	     0.612	     1.110
01/10/2014	13:57:12.2	     0.612	     1.110
01/10/2014	13:57:12.7	     0.612	     1.109
01/10/2014	13:57:13.2	     0.612	     1.108
01/10/2014	13:57:13.7	     0.612	     1.106
01/10/2014	13:57:14.2	     0.612	     1.105
01/10/2014	13:57:14.7	     0.612	     1.104
01/10/2014	13:57:15.2	     0.611	     1.105
01/10/2014	13:57:15.7	     0.611	     1.105
01/10/2014	13:57:16.2	     0.611	     1.105
01/10/2014	13:57:16.7	     0.611	     1.105
01/10/2014	13:57:17.2	     0.611	     1.105
01/10/2014	13:57:17.7	     0.611	     1.104
01/10/2014	13:57:18.2	     0.611	     1.105
01/10/2014	13:57:18.7	     0.611	     1.104
01/10/2014	13:57:19.2	     0.611	     1.104
01/10/2014	13:57:19.7	     0.611	     1.104
01/10/2014	13:57:20.2	     0.611	     1.103
01/10/2014	13:57:20.7	     0.611	     1.103
01/10/2014	13:57:21.2	     0.611	     1.102
01/10/2014	13:57:21.7	     0.611	     1.103
01/10/2014	13:57:22.2	     0.611	     1.103
01/10/2014	13:57:22.7	     0.611	     1.103
01/10/2014	13:57:23.2	     0.611	     1.102
01/10/2014	13:57:23.7	     0.611	     1.102
01/10/2014	13:57:24.2	     0.611	     1.101
01/10/2014	13:57:24.7	     0.611	     1.101
01/10/2014	13:57:25.2	     0.611	     1.100
01/10/2014	13:57:25.7	     0.611	     1.099
01/10/2014	13:57:26.2	     0.611	     1.099
01/10/2014	13:57:26.7	     0.611	     1.099
01/10/2014	13:57:27.2	     0.611	     1.099
01/10/2014	13:57:27.7	     0.611	     1.098
01/10/2014	13:57:28.2	     0.611	     1.097
01/10/2014	13:57:28.7	     0.611	     1.095
01/10/2014	13:57:29.2	     0.611	     1.096
01/10/2014	13:57:29.7	     0.611	     1.096
01/10/2014	13:57:30.2	     0.611	     1.096
01/10/2014	13:57:30.7	     0.611	     1.096
01/10/2014	13:57:31.2	     0.611	     1.096
01/10/2014	13:57:31.7	     0.611	     1.096
01/10/2014	13:57:32.2	     0.611	     1.095
01/10/2014	13:57:32.7	     0.611	     1.095
01/10/2014	13:57:33.2	     0.611	     1.095
01/10/2014	13:57:33.7	     0.611	     1.095
01/10/2014	13:57:34.2	     0.611	     1.095
01/10/2014	13:57:34.7	     0.611	     1.094
01/10/2014	13:57:35.2	     0.611	     1.094
01/10/2014	13:57:35.7	     0.611	     1.094
01/10/2014	13:57:36.2	     0.611	     1.094
01/10/2014	13:57:36.7	     0.611	     1.094
01/10/2014	13:57:37.2	     0.610	     1.093
01/10/2014	13:57:37.7	     0.610	     1.093
01/10/2014	13:57:38.2	     0.610	     1.093
01/10/2014	13:57:38.7	     0.610	     1.092
01/10/2014	13:57:39.2	     0.609	     1.092
01/10/2014	13:57:39.7	     0.609	     1.092
01/10/2014	13:57:40.2	     0.609	     1.091
01/10/2014	13:57:40.7	     0.609	     1.091
01/10/2014	13:57:41.2	     0.609	     1.091
01/10/2014	13:57:41.7	     0.609	     1.091
01/10/2014	13:57:42.2	     0.609	     1.090
01/10/2014	13:57:42.7	     0.609	     1.091
01/10/2014	13:57:43.2	     0.609	     1.090
01/10/2014	13:57:43.7	     0.609	     1.089
01/10/2014	13:57:44.2	     0.609	     1.090
01/10/2014	13:57:44.7	     0.609	     1.089
01/10/2014	13:57:45.2	     0.609	     1.089
01/10/2014	13:57:45.7	     0.609	     1.088
01/10/2014	13:57:46.2	     0.609	     1.088
01/10/2014	13:57:46.7	     0.609	     1.087
01/10/2014	13:57:47.2	     0.609	     1.087
01/10/2014	13:57:47.7	     0.609	     1.087
01/10/2014	13:57:48.2	     0.609	     1.087
01/10/2014	13:57:48.7	     0.609	     1.087
01/10/2014	13:57:49.2	     0.609	     1.087
01/10/2014	13:57:49.7	     0.609	     1.086
01/10/2014	13:57:50.2	     0.609	     1.087
01/10/2014	13:57:50.7	     0.609	     1.086
01/10/2014	13:57:51.2	     0.609	     1.086
01/10/2014	13:57:51.7	     0.609	     1.085
01/10/2014	13:57:52.2	     0.609	     1.085
01/10/2014	13:57:52.7	     0.609	     1.085
01/10/2014	13:57:53.2	     0.609	     1.085
01/10/2014	13:57:53.7	     0.609	     1.084
01/10/2014	13:57:54.2	     0.609	     1.085
01/10/2014	13:57:54.7	     0.609	     1.084
01/10/2014	13:57:55.2	     0.609	     1.084
01/10/2014	13:57:55.7	     0.609	     1.083
01/10/2014	13:57:56.2	     0.609	     1.083
01/10/2014	13:57:56.7	     0.609	     1.083
01/10/2014	13:57:57.2	     0.609	     1.083
01/10/2014	13:57:57.7	     0.609	     1.083
01/10/2014	13:57:58.2	     0.609	     1.082
01/10/2014	13:57:58.7	     0.609	     1.082
01/10/2014	13:57:59.2	     0.609	     1.082
01/10/2014	13:57:59.7	     0.609	     1.082
01/10/2014	13:58:00.2	     0.609	     1.082
01/10/2014	13:58:00.7	     0.609	     1.082
01/10/2014	13:58:01.2	     0.609	     1.083
01/10/2014	13:58:01.7	     0.609	     1.082
01/10/2014	13:58:02.2	     0.609	     1.082
01/10/2014	13:58:02.7	     0.609	     1.081
01/10/2014	13:58:03.2	     0.609	     1.080
01/10/2014	13:58:03.7	     0.609	     1.080
01/10/2014	13:58:04.2	     0.609	     1.080
01/10/2014	13:58:04.7	     0.609	     1.080
01/10/2014	13:58:05.2	     0.609	     1.080
01/10/2014	13:58:05.7	     0.609	     1.080
01/10/2014	13:58:06.2	     0.609	     1.080
01/10/2014	13:58:06.7	     0.609	     1.079
01/10/2014	13:58:07.2	     0.609	     1.079
01/10/2014	13:58:07.7	     0.609	     1.079
01/10/2014	13:58:08.2	     0.609	     1.079
01/10/2014	13:58:08.7	     0.609	     1.079
01/10/2014	13:58:09.2	     0.609	     1.079
01/10/2014	13:58:09.7	     0.609	     1.079
01/10/2014	13:58:10.2	     0.609	     1.079
01/10/2014	13:58:10.7	     0.610	     1.078
01/10/2014	13:58:11.2	     0.610	     1.078
01/10/2014	13:58:11.7	     0.610	     1.078
01/10/2014	13:58:12.2	     0.610	     1.078
01/10/2014	13:58:12.7	     0.610	     1.078
01/10/2014	13:58:13.2	     0.610	     1.077
01/10/2014	13:58:13.7	     0.610	     1.077
01/10/2014	13:58:14.2	     0.610	     1.077
01/10/2014	13:58:14.7	     0.610	     1.077
01/10/2014	13:58:15.2	     0.610	     1.077
01/10/2014	13:58:15.7	     0.610	     1.076
01/10/2014	13:58:16.2	     0.610	     1.077
01/10/2014	13:58:16.7	     0.610	     1.076
01/10/2014	13:58:17.2	     0.610	     1.076
01/10/2014	13:58:17.7	     0.610	     1.075
01/10/2014	13:58:18.2	     0.610	     1.075
01/10/2014	13:58:18.7	     0.610	     1.075
01/10/2014	13:58:19.2	     0.610	     1.076
01/10/2014	13:58:19.7	     0.610	     1.075
01/10/2014	13:58:20.2	     0.610	     1.076
01/10/2014	13:58:20.7	     0.610	     1.075
01/10/2014	13:58:21.2	     0.610	     1.075
01/10/2014	13:58:21.7	     0.610	     1.075
01/10/2014	13:58:22.2	     0.610	     1.075
01/10/2014	13:58:22.7	     0.610	     1.075
01/10/2014	13:58:23.2	     0.610	     1.075
01/10/2014	13:58:23.7	     0.610	     1.074
01/10/2014	13:58:24.2	     0.610	     1.074
01/10/2014	13:58:24.7	     0.610	     1.075
01/10/2014	13:58:25.2	     0.610	     1.075
01/10/2014	13:58:25.7	     0.610	     1.074
01/10/2014	13:58:26.2	     0.611	     1.074
01/10/2014	13:58:26.7	     0.611	     1.074
01/10/2014	13:58:27.2	     0.611	     1.073
01/10/2014	13:58:27.7	     0.611	     1.073
01/10/2014	13:58:28.2	     0.611	     1.073
01/10/2014	13:58:28.7	     0.611	     1.073
01/10/2014	13:58:29.2	     0.611	     1.073
01/10/2014	13:58:29.7	     0.611	     1.072
01/10/2014	13:58:30.2	     0.611	     1.072
01/10/2014	13:58:30.7	     0.611	     1.072
01/10/2014	13:58:31.2	     0.611	     1.072
01/10/2014	13:58:31.7	     0.611	     1.073
01/10/2014	13:58:32.2	     0.611	     1.072
01/10/2014	13:58:32.7	     0.611	     1.073
01/10/2014	13:58:33.2	     0.611	     1.072
01/10/2014	13:58:33.7	     0.611	     1.072
01/10/2014	13:58:34.2	     0.611	     1.072
01/10/2014	13:58:34.7	     0.611	     1.071
01/10/2014	13:58:35.2	     0.611	     1.071
01/10/2014	13:58:35.7	     0.611	     1.070
01/10/2014	13:58:36.2	     0.611	     1.070
01/10/2014	13:58:36.7	     0.611	     1.070
01/10/2014	13:58:37.2	     0.611	     1.070
01/10/2014	13:58:37.7	     0.611	     1.070
01/10/2014	13:58:38.2	     0.611	     1.070
01/10/2014	13:58:38.7	     0.611	     1.070
01/10/2014	13:58:39.2	     0.611	     1.069
01/10/2014	13:58:39.7	     0.611	     1.069
01/10/2014	13:58:40.2	     0.611	     1.069
01/10/2014	13:58:40.7	     0.611	     1.069
01/10/2014	13:58:41.2	     0.611	     1.069
01/10/2014	13:58:41.7	     0.611	     1.070
01/10/2014	13:58:42.2	     0.611	     1.069
01/10/2014	13:58:42.7	     0.611	     1.070
01/10/2014	13:58:43.2	     0.611	     1.069
01/10/2014	13:58:43.7	     0.611	     1.069
01/10/2014	13:58:44.2	     0.611	     1.070
01/10/2014	13:58:44.7	     0.611	     1.069
01/10/2014	13:58:45.2	     0.611	     1.069
01/10/2014	13:58:45.7	     0.611	     1.070
01/10/2014	13:58:46.2	     0.611	     1.069
01/10/2014	13:58:46.7	     0.611	     1.069
01/10/2014	13:58:47.2	     0.611	     1.069
01/10/2014	13:58:47.7	     0.611	     1.069
01/10/2014	13:58:48.2	     0.611	     1.068
01/10/2014	13:58:48.7	     0.611	     1.068
01/10/2014	13:58:49.2	     0.611	     1.067
01/10/2014	13:58:49.7	     0.611	     1.067
01/10/2014	13:58:50.2	     0.611	     1.067
01/10/2014	13:58:50.7	     0.611	     1.067
01/10/2014	13:58:51.2	     0.611	     1.067
01/10/2014	13:58:51.7	     0.611	     1.066
01/10/2014	13:58:52.2	     0.611	     1.066
01/10/2014	13:58:52.7	     0.611	     1.066
01/10/2014	13:58:53.2	     0.611	     1.066
01/10/2014	13:58:53.7	     0.611	     1.066
01/10/2014	13:58:54.2	     0.611	     1.066
01/10/2014	13:58:54.7	     0.611	     1.066
01/10/2014	13:58:55.2	     0.611	     1.066
01/10/2014	13:58:55.7	     0.611	     1.065
01/10/2014	13:58:56.2	     0.611	     1.065
01/10/2014	13:58:56.7	     0.611	     1.066
01/10/2014	13:58:57.2	     0.611	     1.066
01/10/2014	13:58:57.7	     0.611	     1.066
01/10/2014	13:58:58.2	     0.611	     1.065
01/10/2014	13:58:58.7	     0.611	     1.066
01/10/2014	13:58:59.2	     0.611	     1.065
01/10/2014	13:58:59.7	     0.611	     1.066
01/10/2014	13:59:00.2	     0.611	     1.066
01/10/2014	13:59:00.7	     0.611	     1.065
01/10/2014	13:59:01.2	     0.611	     1.065
01/10/2014	13:59:01.7	     0.611	     1.064
01/10/2014	13:59:02.2	     0.611	     1.064
01/10/2014	13:59:02.7	     0.611	     1.064
01/10/2014	13:59:03.2	     0.611	     1.065
01/10/2014	13:59:03.7	     0.611	     1.064
01/10/2014	13:59:04.2	     0.611	     1.065
01/10/2014	13:59:04.7	     0.611	     1.065
01/10/2014	13:59:05.2	     0.611	     1.064
01/10/2014	13:59:05.7	     0.611	     1.064
01/10/2014	13:59:06.2	     0.610	     1.065
01/10/2014	13:59:06.7	     0.610	     1.064
01/10/2014	13:59:07.2	     0.610	     1.065
01/10/2014	13:59:07.7	     0.610	     1.064
01/10/2014	13:59:08.2	     0.610	     1.064
01/10/2014	13:59:08.7	     0.610	     1.065
01/10/2014	13:59:09.2	     0.610	     1.064
01/10/2014	13:59:09.7	     0.610	     1.063
01/10/2014	13:59:10.2	     0.610	     1.063
01/10/2014	13:59:10.7	     0.610	     1.063
01/10/2014	13:59:11.2	     0.610	     1.062
01/10/2014	13:59:11.7	     0.610	     1.062
01/10/2014	13:59:12.2	     0.610	     1.063
01/10/2014	13:59:12.7	     0.610	     1.063
01/10/2014	13:59:13.2	     0.610	     1.063
01/10/2014	13:59:13.7	     0.610	     1.062
01/10/2014	13:59:14.2	     0.610	     1.062
01/10/2014	13:59:14.7	     0.610	     1.062
01/10/2014	13:59:15.2	     0.610	     1.062
01/10/2014	13:59:15.7	     0.611	     1.062
01/10/2014	13:59:16.2	     0.611	     1.062
01/10/2014	13:59:16.7	     0.610	     1.062
01/10/2014	13:59:17.2	     0.610	     1.062
01/10/2014	13:59:17.7	     0.610	     1.061
01/10/2014	13:59:18.2	     0.611	     1.061
01/10/2014	13:59:18.7	     0.611	     1.061
01/10/2014	13:59:19.2	     0.611	     1.061
01/10/2014	13:59:19.7	     0.611	     1.061
01/10/2014	13:59:20.2	     0.611	     1.060
01/10/2014	13:59:20.7	     0.611	     1.061
01/10/2014	13:59:21.2	     0.611	     1.061
01/10/2014	13:59:21.7	     0.611	     1.061
01/10/2014	13:59:22.2	     0.611	     1.061
01/10/2014	13:59:22.7	     0.611	     1.060
01/10/2014	13:59:23.2	     0.611	     1.060
01/10/2014	13:59:23.7	     0.611	     1.060
01/10/2014	13:59:24.2	     0.612	     1.060
01/10/2014	13:59:24.7	     0.612	     1.060
01/10/2014	13:59:25.2	     0.612	     1.061
01/10/2014	13:59:25.7	     0.612	     1.060
01/10/2014	13:59:26.2	     0.612	     1.060
01/10/2014	13:59:26.7	     0.612	     1.059
01/10/2014	13:59:27.2	     0.612	     1.059
01/10/2014	13:59:27.7	     0.612	     1.060
01/10/2014	13:59:28.2	     0.612	     1.059
01/10/2014	13:59:28.7	     0.612	     1.059
01/10/2014	13:59:29.2	     0.612	     1.059
01/10/2014	13:59:29.7	     0.612	     1.059
01/10/2014	13:59:30.2	     0.612	     1.059
01/10/2014	13:59:30.7	     0.612	     1.059
01/10/2014	13:59:31.2	     0.612	     1.059
01/10/2014	13:59:31.7	     0.612	     1.058
01/10/2014	13:59:32.2	     0.612	     1.059
01/10/2014	13:59:32.7	     0.612	     1.059
01/10/2014	13:59:33.2	     0.612	     1.059
01/10/2014	13:59:33.7	     0.612	     1.058
01/10/2014	13:59:34.2	     0.612	     1.058
01/10/2014	13:59:34.7	     0.612	     1.058
01/10/2014	13:59:35.2	     0.612	     1.058
01/10/2014	13:59:35.7	     0.612	     1.059
01/10/2014	13:59:36.2	     0.612	     1.058
01/10/2014	13:59:36.7	     0.612	     1.058
01/10/2014	13:59:37.2	     0.612	     1.058
01/10/2014	13:59:37.7	     0.612	     1.058
01/10/2014	13:59:38.2	     0.612	     1.058
01/10/2014	13:59:38.7	     0.612	     1.058
01/10/2014	13:59:39.2	     0.612	     1.058
01/10/2014	13:59:39.7	     0.612	     1.058
01/10/2014	13:59:40.2	     0.612	     1.058
01/10/2014	13:59:40.7	     0.612	     1.058
01/10/2014	13:59:41.2	     0.612	     1.058
01/10/2014	13:59:41.7	     0.612	     1.058
01/10/2014	13:59:42.2	     0.612	     1.057
01/10/2014	13:59:42.7	     0.612	     1.057
01/10/2014	13:59:43.2	     0.612	     1.056
01/10/2014	13:59:43.7	     0.612	     1.057
01/10/2014	13:59:44.2	     0.612	     1.057
01/10/2014	13:59:44.7	     0.612	     1.057
01/10/2014	13:59:45.2	     0.612	     1.057
01/10/2014	13:59:45.7	     0.612	     1.057
01/10/2014	13:59:46.2	     0.612	     1.056
01/10/2014	13:59:46.7	     0.612	     1.056
01/10/2014	13:59:47.2	     0.612	     1.056
01/10/2014	13:59:47.7	     0.612	     1.056
01/10/2014	13:59:48.2	     0.612	     1.056
01/10/2014	13:59:48.7	     0.612	     1.056
01/10/2014	13:59:49.2	     0.612	     1.056
01/10/2014	13:59:49.7	     0.612	     1.056
01/10/2014	13:59:50.2	     0.612	     1.056
01/10/2014	13:59:50.7	     0.612	     1.055
01/10/2014	13:59:51.2	     0.612	     1.056
01/10/2014	13:59:51.7	     0.612	     1.055
01/10/2014	13:59:52.2	     0.612	     1.055
01/10/2014	13:59:52.7	     0.612	     1.054
01/10/2014	13:59:53.2	     0.612	     1.055
01/10/2014	13:59:53.7	     0.612	     1.055
01/10/2014	13:59:54.2	     0.612	     1.054
01/10/2014	13:59:54.7	     0.612	     1.053
01/10/2014	13:59:55.2	     0.612	     1.054
01/10/2014	13:59:55.7	     0.612	     1.053
01/10/2014	13:59:56.2	     0.612	     1.054
01/10/2014	13:59:56.7	     0.612	     1.054
01/10/2014	13:59:57.2	     0.612	     1.054
01/10/2014	13:59:57.7	     0.612	     1.054
01/10/2014	13:59:58.2	     0.612	     1.054
01/10/2014	13:59:58.7	     0.612	     1.055
01/10/2014	13:59:59.2	     0.612	     1.054
01/10/2014	13:59:59.7	     0.612	     1.054
01/10/2014	14:00:00.2	     0.612	     1.054
01/10/2014	14:00:00.7	     0.612	     1.054
01/10/2014	14:00:01.2	     0.612	     1.054
01/10/2014	14:00:01.7	     0.612	     1.053
01/10/2014	14:00:02.2	     0.612	     1.054
01/10/2014	14:00:02.7	     0.612	     1.053
01/10/2014	14:00:03.2	     0.612	     1.053
01/10/2014	14:00:03.7	     0.612	     1.053
01/10/2014	14:00:04.2	     0.612	     1.053
01/10/2014	14:00:04.7	     0.612	     1.054
01/10/2014	14:00:05.2	     0.612	     1.053
01/10/2014	14:00:05.7	     0.612	     1.053
01/10/2014	14:00:06.2	     0.612	     1.053
01/10/2014	14:00:06.7	     0.612	     1.054
01/10/2014	14:00:07.2	     0.612	     1.054
01/10/2014	14:00:07.7	     0.612	     1.053
01/10/2014	14:00:08.2	     0.612	     1.053
01/10/2014	14:00:08.7	     0.612	     1.053
01/10/2014	14:00:09.2	     0.612	     1.053
01/10/2014	14:00:09.7	     0.612	     1.053
01/10/2014	14:00:10.2	     0.612	     1.053
01/10/2014	14:00:10.7	     0.612	     1.053
01/10/2014	14:00:11.2	     0.612	     1.052
01/10/2014	14:00:11.7	     0.612	     1.050
01/10/2014	14:00:12.2	     0.612	     1.050
01/10/2014	14:00:12.7	     0.612	     1.051
01/10/2014	14:00:13.2	     0.612	     1.051
01/10/2014	14:00:13.7	     0.612	     1.052
01/10/2014	14:00:14.2	     0.612	     1.052
01/10/2014	14:00:14.7	     0.612	     1.052
01/10/2014	14:00:15.2	     0.612	     1.051
01/10/2014	14:00:15.7	     0.612	     1.052
01/10/2014	14:00:16.2	     0.612	     1.051
01/10/2014	14:00:16.7	     0.612	     1.052
01/10/2014	14:00:17.2	     0.612	     1.052
01/10/2014	14:00:17.7	     0.612	     1.052
01/10/2014	14:00:18.2	     0.612	     1.052
01/10/2014	14:00:18.7	     0.612	     1.051
01/10/2014	14:00:19.2	     0.612	     1.051
01/10/2014	14:00:19.7	     0.612	     1.052
01/10/2014	14:00:20.2	     0.612	     1.052
01/10/2014	14:00:20.7	     0.612	     1.052
01/10/2014	14:00:21.2	     0.612	     1.051
01/10/2014	14:00:21.7	     0.612	     1.051
01/10/2014	14:00:22.2	     0.612	     1.051
01/10/2014	14:00:22.7	     0.612	     1.051
01/10/2014	14:00:23.2	     0.612	     1.051
01/10/2014	14:00:23.7	     0.612	     1.050
01/10/2014	14:00:24.2	     0.612	     1.050
01/10/2014	14:00:24.7	     0.612	     1.050
01/10/2014	14:00:25.2	     0.612	     1.050
01/10/2014	14:00:25.7	     0.612	     1.050
01/10/2014	14:00:26.2	     0.612	     1.050
01/10/2014	14:00:26.7	     0.613	     1.050
01/10/2014	14:00:27.2	     0.613	     1.050
01/10/2014	14:00:27.7	     0.613	     1.050
01/10/2014	14:00:28.2	     0.613	     1.050
01/10/2014	14:00:28.7	     0.613	     1.050
01/10/2014	14:00:29.2	     0.613	     1.050
01/10/2014	14:00:29.7	     0.613	     1.050
01/10/2014	14:00:30.2	     0.613	     1.050
01/10/2014	14:00:30.7	     0.613	     1.050
01/10/2014	14:00:31.2	     0.613	     1.050
01/10/2014	14:00:31.7	     0.613	     1.050
01/10/2014	14:00:32.2	     0.613	     1.050
01/10/2014	14:00:32.7	     0.613	     1.049
01/10/2014	14:00:33.2	     0.613	     1.049
01/10/2014	14:00:33.7	     0.613	     1.049
01/10/2014	14:00:34.2	     0.613	     1.049
01/10/2014	14:00:34.7	     0.613	     1.049
01/10/2014	14:00:35.2	     0.613	     1.049
01/10/2014	14:00:35.7	     0.613	     1.049
01/10/2014	14:00:36.2	     0.613	     1.049
01/10/2014	14:00:36.7	     0.613	     1.049
01/10/2014	14:00:37.2	     0.613	     1.049
01/10/2014	14:00:37.7	     0.613	     1.049
01/10/2014	14:00:38.2	     0.613	     1.049
01/10/2014	14:00:38.7	     0.613	     1.048
01/10/2014	14:00:39.2	     0.613	     1.048
01/10/2014	14:00:39.7	     0.613	     1.047
01/10/2014	14:00:40.2	     0.613	     1.048
01/10/2014	14:00:40.7	     0.613	     1.048
01/10/2014	14:00:41.2	     0.613	     1.047
01/10/2014	14:00:41.7	     0.613	     1.047
01/10/2014	14:00:42.2	     0.613	     1.048
END DATA